2025-06-14T15:48:37.647+02:00  INFO 20196 --- [patientapi] [main] c.m.patientapi.PatientControllerTest     : Starting PatientControllerTest using Java 22.0.1 with PID 20196 (started by martel in C:\Users\martel\Desktop\1-dev java\P9-App\Martel-Quentin-MediLabo\medilabo\services\patientapi)
2025-06-14T15:48:37.657+02:00  INFO 20196 --- [patientapi] [main] c.m.patientapi.PatientControllerTest     : The following 1 profile is active: "test"
2025-06-14T15:48:39.110+02:00  INFO 20196 --- [patientapi] [main] .s.d.r.c.RepositoryConfigurationDelegate : Bootstrapping Spring Data JPA repositories in DEFAULT mode.
2025-06-14T15:48:39.275+02:00  INFO 20196 --- [patientapi] [main] .s.d.r.c.RepositoryConfigurationDelegate : Finished Spring Data repository scanning in 145 ms. Found 1 JPA repository interface.
2025-06-14T15:48:39.642+02:00  INFO 20196 --- [patientapi] [main] o.s.cloud.context.scope.GenericScope     : BeanFactory id=d83a0cd3-41e1-3241-9576-1c14ecab105b
2025-06-14T15:48:41.686+02:00  INFO 20196 --- [patientapi] [main] o.hibernate.jpa.internal.util.LogHelper  : HHH000204: Processing PersistenceUnitInfo [name: default]
2025-06-14T15:48:41.843+02:00  INFO 20196 --- [patientapi] [main] org.hibernate.Version                    : HHH000412: Hibernate ORM core version 6.6.13.Final
2025-06-14T15:48:41.938+02:00  INFO 20196 --- [patientapi] [main] o.h.c.internal.RegionFactoryInitiator    : HHH000026: Second-level cache disabled
2025-06-14T15:48:42.251+02:00  INFO 20196 --- [patientapi] [main] o.s.o.j.p.SpringPersistenceUnitInfo      : No LoadTimeWeaver setup: ignoring JPA class transformer
2025-06-14T15:48:42.325+02:00  INFO 20196 --- [patientapi] [main] com.zaxxer.hikari.HikariDataSource       : HikariPool-1 - Starting...
2025-06-14T15:48:42.704+02:00  INFO 20196 --- [patientapi] [main] com.zaxxer.hikari.pool.HikariPool        : HikariPool-1 - Added connection conn0: url=jdbc:h2:mem:testdb user=SA
2025-06-14T15:48:42.707+02:00  INFO 20196 --- [patientapi] [main] com.zaxxer.hikari.HikariDataSource       : HikariPool-1 - Start completed.
2025-06-14T15:48:42.769+02:00  WARN 20196 --- [patientapi] [main] org.hibernate.orm.deprecation            : HHH90000025: H2Dialect does not need to be specified explicitly using 'hibernate.dialect' (remove the property setting and it will be selected by default)
2025-06-14T15:48:42.814+02:00  INFO 20196 --- [patientapi] [main] org.hibernate.orm.connections.pooling    : HHH10001005: Database info:
	Database JDBC URL [Connecting through datasource 'HikariDataSource (HikariPool-1)']
	Database driver: undefined/unknown
	Database version: 2.3.232
	Autocommit mode: undefined/unknown
	Isolation level: undefined/unknown
	Minimum pool size: undefined/unknown
	Maximum pool size: undefined/unknown
2025-06-14T15:48:43.680+02:00  INFO 20196 --- [patientapi] [main] o.h.e.t.j.p.i.JtaPlatformInitiator       : HHH000489: No JTA platform available (set 'hibernate.transaction.jta.platform' to enable JTA platform integration)
2025-06-14T15:48:43.730+02:00  INFO 20196 --- [patientapi] [main] j.LocalContainerEntityManagerFactoryBean : Initialized JPA EntityManagerFactory for persistence unit 'default'
2025-06-14T15:48:44.249+02:00  WARN 20196 --- [patientapi] [main] JpaBaseConfiguration$JpaWebConfiguration : spring.jpa.open-in-view is enabled by default. Therefore, database queries may be performed during view rendering. Explicitly configure spring.jpa.open-in-view to disable this warning
2025-06-14T15:48:46.661+02:00  INFO 20196 --- [patientapi] [main] o.s.b.t.m.w.SpringBootMockServletContext : Initializing Spring TestDispatcherServlet ''
2025-06-14T15:48:46.661+02:00  INFO 20196 --- [patientapi] [main] o.s.t.web.servlet.TestDispatcherServlet  : Initializing Servlet ''
2025-06-14T15:48:46.672+02:00  INFO 20196 --- [patientapi] [main] o.s.b.a.e.web.EndpointLinksResolver      : Exposing 1 endpoint beneath base path '/actuator'
2025-06-14T15:48:46.690+02:00  INFO 20196 --- [patientapi] [main] o.s.t.web.servlet.TestDispatcherServlet  : Completed initialization in 29 ms
2025-06-14T15:48:46.867+02:00  INFO 20196 --- [patientapi] [main] DiscoveryClientOptionalArgsConfiguration : Eureka HTTP Client uses RestTemplate.
2025-06-14T15:48:46.977+02:00  WARN 20196 --- [patientapi] [main] iguration$LoadBalancerCaffeineWarnLogger : Spring Cloud LoadBalancer is currently working with the default cache. While this cache implementation is useful for development and tests, it's recommended to use Caffeine cache in production.You can switch to using Caffeine cache, by adding it and org.springframework.cache.caffeine.CaffeineCacheManager to the classpath.
2025-06-14T15:48:47.136+02:00  INFO 20196 --- [patientapi] [main] c.m.patientapi.PatientControllerTest     : Started PatientControllerTest in 10.113 seconds (process running for 11.609)
2025-06-14T15:48:47.356+02:00  INFO 20196 --- [patientapi] [main] o.s.c.openfeign.FeignClientFactoryBean   : For 'noteapi' URL not provided. Will try picking an instance via load-balancing.
2025-06-14T15:48:47.528+02:00  INFO 20196 --- [patientapi] [main] c.m.p.controllers.PatientController      : Receive GET /api/patients/1: PatientApi use RestController to send PatientDto by ID
2025-06-14T15:48:47.636+02:00  INFO 20196 --- [patientapi] [main] c.m.p.controllers.PatientController      : Receive GET /api/patients: PatientApi use RestController to send list of PatientDto
2025-06-14T15:48:47.759+02:00  INFO 20196 --- [patientapi] [main] c.m.p.controllers.PatientController      : Receive POST /api/patients: PatientDto PatientDto(id=1, nom=Test, prenom=Jean, dateAnniversaire=1990-01-01, genre=M, adresse=123 rue Test, telephone=0000000000, notes=null) - PatientApi use RestController to create Patient
2025-06-14T15:48:47.773+02:00  INFO 20196 --- [patientapi] [main] c.m.p.controllers.PatientController      : Receive PUT /api/patients/1: PatientDto PatientDto(id=1, nom=Test, prenom=Jean, dateAnniversaire=1990-01-01, genre=M, adresse=123 rue Test, telephone=0000000000, notes=null) - PatientApi use RestController to update Patient
2025-06-14T15:48:48.011+02:00  INFO 20196 --- [patientapi] [SpringApplicationShutdownHook] j.LocalContainerEntityManagerFactoryBean : Closing JPA EntityManagerFactory for persistence unit 'default'
2025-06-14T15:48:48.018+02:00  INFO 20196 --- [patientapi] [SpringApplicationShutdownHook] com.zaxxer.hikari.HikariDataSource       : HikariPool-1 - Shutdown initiated...
2025-06-14T15:48:48.020+02:00  INFO 20196 --- [patientapi] [SpringApplicationShutdownHook] com.zaxxer.hikari.HikariDataSource       : HikariPool-1 - Shutdown completed.
