2025-06-13T14:20:15.329+02:00  INFO 18008 --- [noteapi] [restartedMain] c.medilabo.noteapi.NoteApiApplication    : Starting NoteApiApplication using Java 22.0.1 with PID 18008 (C:\Users\martel\Desktop\1-dev java\P9-App\Martel-Quentin-MediLabo\medilabo\services\noteapi\target\classes started by martel in C:\Users\martel\Desktop\1-dev java\P9-App\Martel-Quentin-MediLabo\medilabo\services\noteapi)
2025-06-13T14:20:15.337+02:00  INFO 18008 --- [noteapi] [restartedMain] c.medilabo.noteapi.NoteApiApplication    : The following 1 profile is active: "dev"
2025-06-13T14:20:15.399+02:00  INFO 18008 --- [noteapi] [restartedMain] .e.DevToolsPropertyDefaultsPostProcessor : Devtools property defaults active! Set 'spring.devtools.add-properties' to 'false' to disable
2025-06-13T14:20:15.401+02:00  INFO 18008 --- [noteapi] [restartedMain] .e.DevToolsPropertyDefaultsPostProcessor : For additional web related logging consider setting the 'logging.level.web' property to 'DEBUG'
2025-06-13T14:20:16.789+02:00  INFO 18008 --- [noteapi] [restartedMain] .s.d.r.c.RepositoryConfigurationDelegate : Bootstrapping Spring Data MongoDB repositories in DEFAULT mode.
2025-06-13T14:20:16.970+02:00  INFO 18008 --- [noteapi] [restartedMain] .s.d.r.c.RepositoryConfigurationDelegate : Finished Spring Data repository scanning in 174 ms. Found 1 MongoDB repository interface.
2025-06-13T14:20:17.230+02:00  INFO 18008 --- [noteapi] [restartedMain] o.s.cloud.context.scope.GenericScope     : BeanFactory id=67612633-d845-3370-b451-4afdb93dac4d
2025-06-13T14:20:17.731+02:00  INFO 18008 --- [noteapi] [restartedMain] o.s.b.w.embedded.tomcat.TomcatWebServer  : Tomcat initialized with port 5002 (http)
2025-06-13T14:20:17.753+02:00  INFO 18008 --- [noteapi] [restartedMain] o.apache.catalina.core.StandardService   : Starting service [Tomcat]
2025-06-13T14:20:17.754+02:00  INFO 18008 --- [noteapi] [restartedMain] o.apache.catalina.core.StandardEngine    : Starting Servlet engine: [Apache Tomcat/10.1.40]
2025-06-13T14:20:17.827+02:00  INFO 18008 --- [noteapi] [restartedMain] o.a.c.c.C.[Tomcat].[localhost].[/]       : Initializing Spring embedded WebApplicationContext
2025-06-13T14:20:17.829+02:00  INFO 18008 --- [noteapi] [restartedMain] w.s.c.ServletWebServerApplicationContext : Root WebApplicationContext: initialization completed in 2426 ms
2025-06-13T14:20:18.371+02:00  INFO 18008 --- [noteapi] [restartedMain] org.mongodb.driver.client                : MongoClient with metadata {"driver": {"name": "mongo-java-driver|sync|spring-boot", "version": "5.2.1"}, "os": {"type": "Windows", "name": "Windows 11", "architecture": "amd64", "version": "10.0"}, "platform": "Java/Eclipse Adoptium/22.0.1+8"} created with settings MongoClientSettings{readPreference=primary, writeConcern=WriteConcern{w=null, wTimeout=null ms, journal=null}, retryWrites=true, retryReads=true, readConcern=ReadConcern{level=null}, credential=null, transportSettings=null, commandListeners=[io.micrometer.core.instrument.binder.mongodb.MongoMetricsCommandListener@5d1fe083], codecRegistry=ProvidersCodecRegistry{codecProviders=[ValueCodecProvider{}, BsonValueCodecProvider{}, DBRefCodecProvider{}, DBObjectCodecProvider{}, DocumentCodecProvider{}, CollectionCodecProvider{}, IterableCodecProvider{}, MapCodecProvider{}, GeoJsonCodecProvider{}, GridFSFileCodecProvider{}, Jsr310CodecProvider{}, JsonObjectCodecProvider{}, BsonCodecProvider{}, EnumCodecProvider{}, com.mongodb.client.model.mql.ExpressionCodecProvider@53d01877, com.mongodb.Jep395RecordCodecProvider@4edf2bb9, com.mongodb.KotlinCodecProvider@63133171]}, loggerSettings=LoggerSettings{maxDocumentLength=1000}, clusterSettings={hosts=[localhost:27017], srvServiceName=mongodb, mode=SINGLE, requiredClusterType=UNKNOWN, requiredReplicaSetName='null', serverSelector='null', clusterListeners='[]', serverSelectionTimeout='30000 ms', localThreshold='15 ms'}, socketSettings=SocketSettings{connectTimeoutMS=10000, readTimeoutMS=0, receiveBufferSize=0, proxySettings=ProxySettings{host=null, port=null, username=null, password=null}}, heartbeatSocketSettings=SocketSettings{connectTimeoutMS=10000, readTimeoutMS=10000, receiveBufferSize=0, proxySettings=ProxySettings{host=null, port=null, username=null, password=null}}, connectionPoolSettings=ConnectionPoolSettings{maxSize=100, minSize=0, maxWaitTimeMS=120000, maxConnectionLifeTimeMS=0, maxConnectionIdleTimeMS=0, maintenanceInitialDelayMS=0, maintenanceFrequencyMS=60000, connectionPoolListeners=[io.micrometer.core.instrument.binder.mongodb.MongoMetricsConnectionPoolListener@412ade68], maxConnecting=2}, serverSettings=ServerSettings{heartbeatFrequencyMS=10000, minHeartbeatFrequencyMS=500, serverMonitoringMode=AUTO, serverListeners='[]', serverMonitorListeners='[]'}, sslSettings=SslSettings{enabled=false, invalidHostNameAllowed=false, context=null}, applicationName='null', compressorList=[], uuidRepresentation=JAVA_LEGACY, serverApi=null, autoEncryptionSettings=null, dnsClient=null, inetAddressResolver=null, contextProvider=null, timeoutMS=null}
2025-06-13T14:20:18.394+02:00  INFO 18008 --- [noteapi] [cluster-ClusterId{value='684c1782145e0f2a3c021fcb', description='null'}-localhost:27017] org.mongodb.driver.cluster               : Monitor thread successfully connected to server with description ServerDescription{address=localhost:27017, type=STANDALONE, cryptd=false, state=CONNECTED, ok=true, minWireVersion=0, maxWireVersion=25, maxDocumentSize=16777216, logicalSessionTimeoutMinutes=30, roundTripTimeNanos=25693800, minRoundTripTimeNanos=0}
2025-06-13T14:20:18.566+02:00  WARN 18008 --- [noteapi] [restartedMain] o.s.b.d.a.OptionalLiveReloadServer       : Unable to start LiveReload server
2025-06-13T14:20:18.798+02:00  WARN 18008 --- [noteapi] [restartedMain] ConfigServletWebServerApplicationContext : Exception encountered during context initialization - cancelling refresh attempt: org.springframework.beans.factory.UnsatisfiedDependencyException: Error creating bean with name 'noteController' defined in file [C:\Users\martel\Desktop\1-dev java\P9-App\Martel-Quentin-MediLabo\medilabo\services\noteapi\target\classes\com\medilabo\noteapi\controller\NoteController.class]: Unsatisfied dependency expressed through constructor parameter 0: Error creating bean with name 'noteServiceImpl' defined in file [C:\Users\martel\Desktop\1-dev java\P9-App\Martel-Quentin-MediLabo\medilabo\services\noteapi\target\classes\com\medilabo\noteapi\service\NoteServiceImpl.class]: Unsatisfied dependency expressed through constructor parameter 0: No qualifying bean of type 'com.medilabo.noteapi.mapper.NoteMapper' available: expected at least 1 bean which qualifies as autowire candidate. Dependency annotations: {}
2025-06-13T14:20:18.808+02:00  INFO 18008 --- [noteapi] [restartedMain] o.apache.catalina.core.StandardService   : Stopping service [Tomcat]
2025-06-13T14:20:18.824+02:00  INFO 18008 --- [noteapi] [restartedMain] .s.b.a.l.ConditionEvaluationReportLogger : 

Error starting ApplicationContext. To display the condition evaluation report re-run your application with 'debug' enabled.
2025-06-13T14:20:18.851+02:00 ERROR 18008 --- [noteapi] [restartedMain] o.s.b.d.LoggingFailureAnalysisReporter   : 

***************************
APPLICATION FAILED TO START
***************************

Description:

Parameter 0 of constructor in com.medilabo.noteapi.service.NoteServiceImpl required a bean of type 'com.medilabo.noteapi.mapper.NoteMapper' that could not be found.


Action:

Consider defining a bean of type 'com.medilabo.noteapi.mapper.NoteMapper' in your configuration.

