2025-06-04T22:12:48.203+02:00  INFO 9124 --- [evaluationrisqueapi] [restartedMain] c.medilabo.noteapi.NoteApiApplication    : Starting NoteApiApplication using Java 22.0.1 with PID 9124 (C:\Users\martel\Desktop\1-dev java\P9-App\Martel-Quentin-MediLabo\medilabo\services\noteapi\target\classes started by martel in C:\Users\martel\Desktop\1-dev java\P9-App\Martel-Quentin-MediLabo\medilabo\services\noteapi)
2025-06-04T22:12:48.203+02:00  INFO 9124 --- [evaluationrisqueapi] [restartedMain] c.medilabo.noteapi.NoteApiApplication    : No active profile set, falling back to 1 default profile: "default"
2025-06-04T22:12:48.391+02:00  INFO 9124 --- [evaluationrisqueapi] [restartedMain] .s.d.r.c.RepositoryConfigurationDelegate : Bootstrapping Spring Data MongoDB repositories in DEFAULT mode.
2025-06-04T22:12:48.397+02:00  INFO 9124 --- [evaluationrisqueapi] [restartedMain] .s.d.r.c.RepositoryConfigurationDelegate : Finished Spring Data repository scanning in 5 ms. Found 1 MongoDB repository interface.
2025-06-04T22:12:48.439+02:00  INFO 9124 --- [evaluationrisqueapi] [restartedMain] o.s.cloud.context.scope.GenericScope     : BeanFactory id=67612633-d845-3370-b451-4afdb93dac4d
2025-06-04T22:12:48.470+02:00  INFO 9124 --- [evaluationrisqueapi] [restartedMain] o.s.b.w.embedded.tomcat.TomcatWebServer  : Tomcat initialized with port 5003 (http)
2025-06-04T22:12:48.470+02:00  INFO 9124 --- [evaluationrisqueapi] [restartedMain] o.apache.catalina.core.StandardService   : Starting service [Tomcat]
2025-06-04T22:12:48.470+02:00  INFO 9124 --- [evaluationrisqueapi] [restartedMain] o.apache.catalina.core.StandardEngine    : Starting Servlet engine: [Apache Tomcat/10.1.40]
2025-06-04T22:12:48.487+02:00  INFO 9124 --- [evaluationrisqueapi] [restartedMain] o.a.c.c.C.[Tomcat].[localhost].[/]       : Initializing Spring embedded WebApplicationContext
2025-06-04T22:12:48.488+02:00  INFO 9124 --- [evaluationrisqueapi] [restartedMain] w.s.c.ServletWebServerApplicationContext : Root WebApplicationContext: initialization completed in 282 ms
2025-06-04T22:12:48.527+02:00  INFO 9124 --- [evaluationrisqueapi] [restartedMain] org.mongodb.driver.client                : MongoClient with metadata {"driver": {"name": "mongo-java-driver|sync|spring-boot", "version": "5.2.1"}, "os": {"type": "Windows", "name": "Windows 11", "architecture": "amd64", "version": "10.0"}, "platform": "Java/Eclipse Adoptium/22.0.1+8"} created with settings MongoClientSettings{readPreference=primary, writeConcern=WriteConcern{w=null, wTimeout=null ms, journal=null}, retryWrites=true, retryReads=true, readConcern=ReadConcern{level=null}, credential=null, transportSettings=null, commandListeners=[io.micrometer.core.instrument.binder.mongodb.MongoMetricsCommandListener@3f041817], codecRegistry=ProvidersCodecRegistry{codecProviders=[ValueCodecProvider{}, BsonValueCodecProvider{}, DBRefCodecProvider{}, DBObjectCodecProvider{}, DocumentCodecProvider{}, CollectionCodecProvider{}, IterableCodecProvider{}, MapCodecProvider{}, GeoJsonCodecProvider{}, GridFSFileCodecProvider{}, Jsr310CodecProvider{}, JsonObjectCodecProvider{}, BsonCodecProvider{}, EnumCodecProvider{}, com.mongodb.client.model.mql.ExpressionCodecProvider@1ccc70a, com.mongodb.Jep395RecordCodecProvider@40f68681, com.mongodb.KotlinCodecProvider@24ee787c]}, loggerSettings=LoggerSettings{maxDocumentLength=1000}, clusterSettings={hosts=[localhost:27017], srvServiceName=mongodb, mode=SINGLE, requiredClusterType=UNKNOWN, requiredReplicaSetName='null', serverSelector='null', clusterListeners='[]', serverSelectionTimeout='30000 ms', localThreshold='15 ms'}, socketSettings=SocketSettings{connectTimeoutMS=10000, readTimeoutMS=0, receiveBufferSize=0, proxySettings=ProxySettings{host=null, port=null, username=null, password=null}}, heartbeatSocketSettings=SocketSettings{connectTimeoutMS=10000, readTimeoutMS=10000, receiveBufferSize=0, proxySettings=ProxySettings{host=null, port=null, username=null, password=null}}, connectionPoolSettings=ConnectionPoolSettings{maxSize=100, minSize=0, maxWaitTimeMS=120000, maxConnectionLifeTimeMS=0, maxConnectionIdleTimeMS=0, maintenanceInitialDelayMS=0, maintenanceFrequencyMS=60000, connectionPoolListeners=[io.micrometer.core.instrument.binder.mongodb.MongoMetricsConnectionPoolListener@2221ddcb], maxConnecting=2}, serverSettings=ServerSettings{heartbeatFrequencyMS=10000, minHeartbeatFrequencyMS=500, serverMonitoringMode=AUTO, serverListeners='[]', serverMonitorListeners='[]'}, sslSettings=SslSettings{enabled=false, invalidHostNameAllowed=false, context=null}, applicationName='null', compressorList=[], uuidRepresentation=JAVA_LEGACY, serverApi=null, autoEncryptionSettings=null, dnsClient=null, inetAddressResolver=null, contextProvider=null, timeoutMS=null}
2025-06-04T22:12:48.530+02:00  INFO 9124 --- [evaluationrisqueapi] [cluster-ClusterId{value='6840a8c0f38801304eec0ca7', description='null'}-localhost:27017] org.mongodb.driver.cluster               : Monitor thread successfully connected to server with description ServerDescription{address=localhost:27017, type=STANDALONE, cryptd=false, state=CONNECTED, ok=true, minWireVersion=0, maxWireVersion=25, maxDocumentSize=16777216, logicalSessionTimeoutMinutes=30, roundTripTimeNanos=1828800, minRoundTripTimeNanos=0}
2025-06-04T22:12:48.539+02:00  WARN 9124 --- [evaluationrisqueapi] [restartedMain] o.s.b.d.a.OptionalLiveReloadServer       : Unable to start LiveReload server
2025-06-04T22:12:48.657+02:00  INFO 9124 --- [evaluationrisqueapi] [restartedMain] DiscoveryClientOptionalArgsConfiguration : Eureka HTTP Client uses RestTemplate.
2025-06-04T22:12:48.670+02:00  WARN 9124 --- [evaluationrisqueapi] [restartedMain] iguration$LoadBalancerCaffeineWarnLogger : Spring Cloud LoadBalancer is currently working with the default cache. While this cache implementation is useful for development and tests, it's recommended to use Caffeine cache in production.You can switch to using Caffeine cache, by adding it and org.springframework.cache.caffeine.CaffeineCacheManager to the classpath.
2025-06-04T22:12:48.672+02:00  INFO 9124 --- [evaluationrisqueapi] [restartedMain] o.s.b.a.e.web.EndpointLinksResolver      : Exposing 1 endpoint beneath base path '/actuator'
2025-06-04T22:12:48.689+02:00  INFO 9124 --- [evaluationrisqueapi] [restartedMain] o.s.c.n.eureka.InstanceInfoFactory       : Setting initial instance status as: STARTING
2025-06-04T22:12:48.690+02:00  INFO 9124 --- [evaluationrisqueapi] [restartedMain] com.netflix.discovery.DiscoveryClient    : Initializing Eureka in region us-east-1
2025-06-04T22:12:48.691+02:00  INFO 9124 --- [evaluationrisqueapi] [restartedMain] c.n.d.s.r.aws.ConfigClusterResolver      : Resolving eureka endpoints via configuration
2025-06-04T22:12:48.691+02:00  INFO 9124 --- [evaluationrisqueapi] [restartedMain] com.netflix.discovery.DiscoveryClient    : Disable delta property : false
2025-06-04T22:12:48.691+02:00  INFO 9124 --- [evaluationrisqueapi] [restartedMain] com.netflix.discovery.DiscoveryClient    : Single vip registry refresh property : null
2025-06-04T22:12:48.691+02:00  INFO 9124 --- [evaluationrisqueapi] [restartedMain] com.netflix.discovery.DiscoveryClient    : Force full registry fetch : false
2025-06-04T22:12:48.691+02:00  INFO 9124 --- [evaluationrisqueapi] [restartedMain] com.netflix.discovery.DiscoveryClient    : Application is null : false
2025-06-04T22:12:48.691+02:00  INFO 9124 --- [evaluationrisqueapi] [restartedMain] com.netflix.discovery.DiscoveryClient    : Registered Applications size is zero : true
2025-06-04T22:12:48.691+02:00  INFO 9124 --- [evaluationrisqueapi] [restartedMain] com.netflix.discovery.DiscoveryClient    : Application version is -1: true
2025-06-04T22:12:48.691+02:00  INFO 9124 --- [evaluationrisqueapi] [restartedMain] com.netflix.discovery.DiscoveryClient    : Getting all instance registry info from the eureka server
2025-06-04T22:12:48.714+02:00  INFO 9124 --- [evaluationrisqueapi] [restartedMain] com.netflix.discovery.DiscoveryClient    : The response status is 200
2025-06-04T22:12:48.714+02:00  INFO 9124 --- [evaluationrisqueapi] [restartedMain] com.netflix.discovery.DiscoveryClient    : Starting heartbeat executor: renew interval is: 30
2025-06-04T22:12:48.714+02:00  INFO 9124 --- [evaluationrisqueapi] [restartedMain] c.n.discovery.InstanceInfoReplicator     : InstanceInfoReplicator onDemand update allowed rate per min is 4
2025-06-04T22:12:48.715+02:00  INFO 9124 --- [evaluationrisqueapi] [restartedMain] com.netflix.discovery.DiscoveryClient    : Discovery Client initialized at timestamp 1749067968715 with initial instances count: 1
2025-06-04T22:12:48.715+02:00  INFO 9124 --- [evaluationrisqueapi] [restartedMain] o.s.c.n.e.s.EurekaServiceRegistry        : Registering application EVALUATIONRISQUEAPI with eureka with status UP
2025-06-04T22:12:48.715+02:00  INFO 9124 --- [evaluationrisqueapi] [restartedMain] com.netflix.discovery.DiscoveryClient    : Saw local status change event StatusChangeEvent [timestamp=1749067968715, current=UP, previous=STARTING]
2025-06-04T22:12:48.715+02:00  INFO 9124 --- [evaluationrisqueapi] [DiscoveryClient-InstanceInfoReplicator-%d] com.netflix.discovery.DiscoveryClient    : DiscoveryClient_EVALUATIONRISQUEAPI/PC-Quentin-Martel.mshome.net:evaluationrisqueapi:5003: registering service...
2025-06-04T22:12:48.719+02:00  INFO 9124 --- [evaluationrisqueapi] [restartedMain] o.s.b.w.embedded.tomcat.TomcatWebServer  : Tomcat started on port 5003 (http) with context path '/'
2025-06-04T22:12:48.720+02:00  INFO 9124 --- [evaluationrisqueapi] [restartedMain] .s.c.n.e.s.EurekaAutoServiceRegistration : Updating port to 5003
2025-06-04T22:12:48.735+02:00  INFO 9124 --- [evaluationrisqueapi] [DiscoveryClient-InstanceInfoReplicator-%d] com.netflix.discovery.DiscoveryClient    : DiscoveryClient_EVALUATIONRISQUEAPI/PC-Quentin-Martel.mshome.net:evaluationrisqueapi:5003 - registration status: 204
2025-06-04T22:12:48.738+02:00  INFO 9124 --- [evaluationrisqueapi] [restartedMain] c.medilabo.noteapi.NoteApiApplication    : Started NoteApiApplication in 0.558 seconds (process running for 70.878)
2025-06-04T22:13:35.926+02:00  INFO 9124 --- [evaluationrisqueapi] [File Watcher] rtingClassPathChangeChangedEventListener : Restarting due to 1 class path change (0 additions, 0 deletions, 1 modification)
2025-06-04T22:13:35.927+02:00  INFO 9124 --- [evaluationrisqueapi] [Thread-7] o.s.c.n.e.s.EurekaServiceRegistry        : Unregistering application EVALUATIONRISQUEAPI with eureka with status DOWN
2025-06-04T22:13:35.927+02:00  INFO 9124 --- [evaluationrisqueapi] [Thread-7] com.netflix.discovery.DiscoveryClient    : Saw local status change event StatusChangeEvent [timestamp=1749068015927, current=DOWN, previous=UP]
2025-06-04T22:13:35.927+02:00  INFO 9124 --- [evaluationrisqueapi] [DiscoveryClient-InstanceInfoReplicator-%d] com.netflix.discovery.DiscoveryClient    : DiscoveryClient_EVALUATIONRISQUEAPI/PC-Quentin-Martel.mshome.net:evaluationrisqueapi:5003: registering service...
2025-06-04T22:13:35.928+02:00  INFO 9124 --- [evaluationrisqueapi] [Thread-7] o.s.b.w.e.tomcat.GracefulShutdown        : Commencing graceful shutdown. Waiting for active requests to complete
2025-06-04T22:13:35.935+02:00  INFO 9124 --- [evaluationrisqueapi] [DiscoveryClient-InstanceInfoReplicator-%d] com.netflix.discovery.DiscoveryClient    : DiscoveryClient_EVALUATIONRISQUEAPI/PC-Quentin-Martel.mshome.net:evaluationrisqueapi:5003 - registration status: 204
2025-06-04T22:13:35.938+02:00  INFO 9124 --- [evaluationrisqueapi] [tomcat-shutdown] o.s.b.w.e.tomcat.GracefulShutdown        : Graceful shutdown complete
2025-06-04T22:13:35.943+02:00  INFO 9124 --- [evaluationrisqueapi] [Thread-7] com.netflix.discovery.DiscoveryClient    : Shutting down DiscoveryClient ...
2025-06-04T22:13:38.949+02:00  INFO 9124 --- [evaluationrisqueapi] [Thread-7] com.netflix.discovery.DiscoveryClient    : Unregistering ...
2025-06-04T22:13:38.967+02:00  INFO 9124 --- [evaluationrisqueapi] [Thread-7] com.netflix.discovery.DiscoveryClient    : DiscoveryClient_EVALUATIONRISQUEAPI/PC-Quentin-Martel.mshome.net:evaluationrisqueapi:5003 - deregister  status: 200
2025-06-04T22:13:38.967+02:00  INFO 9124 --- [evaluationrisqueapi] [Thread-7] com.netflix.discovery.DiscoveryClient    : Completed shut down of DiscoveryClient
