2025-05-24T18:03:15.035+02:00  INFO 23060 --- [patientapi] [restartedMain] c.mediLabo.noteApi.NoteApiApplication    : Starting NoteApiApplication using Java 22.0.1 with PID 23060 (C:\Users\martel\Desktop\1-dev java\P9-Entrainement\noteApi\target\classes started by martel in C:\Users\martel\Desktop\1-dev java\P9-Entrainement\noteApi)
2025-05-24T18:03:15.037+02:00  INFO 23060 --- [patientapi] [restartedMain] c.mediLabo.noteApi.NoteApiApplication    : No active profile set, falling back to 1 default profile: "default"
2025-05-24T18:03:15.093+02:00  INFO 23060 --- [patientapi] [restartedMain] o.s.c.c.c.ConfigServerConfigDataLoader   : Fetching config from server at : http://localhost:5555
2025-05-24T18:03:15.095+02:00  INFO 23060 --- [patientapi] [restartedMain] o.s.c.c.c.ConfigServerConfigDataLoader   : Located environment: name=patientapi, profiles=[default], label=null, version=null, state=null
2025-05-24T18:03:15.099+02:00  INFO 23060 --- [patientapi] [restartedMain] .e.DevToolsPropertyDefaultsPostProcessor : Devtools property defaults active! Set 'spring.devtools.add-properties' to 'false' to disable
2025-05-24T18:03:15.099+02:00  INFO 23060 --- [patientapi] [restartedMain] .e.DevToolsPropertyDefaultsPostProcessor : For additional web related logging consider setting the 'logging.level.web' property to 'DEBUG'
2025-05-24T18:03:15.934+02:00  INFO 23060 --- [patientapi] [restartedMain] .s.d.r.c.RepositoryConfigurationDelegate : Bootstrapping Spring Data MongoDB repositories in DEFAULT mode.
2025-05-24T18:03:16.029+02:00  INFO 23060 --- [patientapi] [restartedMain] .s.d.r.c.RepositoryConfigurationDelegate : Finished Spring Data repository scanning in 89 ms. Found 1 MongoDB repository interface.
2025-05-24T18:03:16.155+02:00  INFO 23060 --- [patientapi] [restartedMain] o.s.cloud.context.scope.GenericScope     : BeanFactory id=0ba23d0c-7cc0-37ee-b434-248d1e822a79
2025-05-24T18:03:16.478+02:00  INFO 23060 --- [patientapi] [restartedMain] o.s.b.w.embedded.tomcat.TomcatWebServer  : Tomcat initialized with port 5000 (http)
2025-05-24T18:03:16.490+02:00  INFO 23060 --- [patientapi] [restartedMain] o.apache.catalina.core.StandardService   : Starting service [Tomcat]
2025-05-24T18:03:16.490+02:00  INFO 23060 --- [patientapi] [restartedMain] o.apache.catalina.core.StandardEngine    : Starting Servlet engine: [Apache Tomcat/10.1.40]
2025-05-24T18:03:16.533+02:00  INFO 23060 --- [patientapi] [restartedMain] o.a.c.c.C.[Tomcat].[localhost].[/]       : Initializing Spring embedded WebApplicationContext
2025-05-24T18:03:16.534+02:00  INFO 23060 --- [patientapi] [restartedMain] w.s.c.ServletWebServerApplicationContext : Root WebApplicationContext: initialization completed in 1434 ms
2025-05-24T18:03:16.875+02:00  INFO 23060 --- [patientapi] [restartedMain] org.mongodb.driver.client                : MongoClient with metadata {"driver": {"name": "mongo-java-driver|sync|spring-boot", "version": "5.2.1"}, "os": {"type": "Windows", "name": "Windows 11", "architecture": "amd64", "version": "10.0"}, "platform": "Java/Eclipse Adoptium/22.0.1+8"} created with settings MongoClientSettings{readPreference=primary, writeConcern=WriteConcern{w=null, wTimeout=null ms, journal=null}, retryWrites=true, retryReads=true, readConcern=ReadConcern{level=null}, credential=null, transportSettings=null, commandListeners=[io.micrometer.core.instrument.binder.mongodb.MongoMetricsCommandListener@626d5ede], codecRegistry=ProvidersCodecRegistry{codecProviders=[ValueCodecProvider{}, BsonValueCodecProvider{}, DBRefCodecProvider{}, DBObjectCodecProvider{}, DocumentCodecProvider{}, CollectionCodecProvider{}, IterableCodecProvider{}, MapCodecProvider{}, GeoJsonCodecProvider{}, GridFSFileCodecProvider{}, Jsr310CodecProvider{}, JsonObjectCodecProvider{}, BsonCodecProvider{}, EnumCodecProvider{}, com.mongodb.client.model.mql.ExpressionCodecProvider@5ceebb9d, com.mongodb.Jep395RecordCodecProvider@103b3cc6, com.mongodb.KotlinCodecProvider@5301c2ba]}, loggerSettings=LoggerSettings{maxDocumentLength=1000}, clusterSettings={hosts=[localhost:27017], srvServiceName=mongodb, mode=SINGLE, requiredClusterType=UNKNOWN, requiredReplicaSetName='null', serverSelector='null', clusterListeners='[]', serverSelectionTimeout='30000 ms', localThreshold='15 ms'}, socketSettings=SocketSettings{connectTimeoutMS=10000, readTimeoutMS=0, receiveBufferSize=0, proxySettings=ProxySettings{host=null, port=null, username=null, password=null}}, heartbeatSocketSettings=SocketSettings{connectTimeoutMS=10000, readTimeoutMS=10000, receiveBufferSize=0, proxySettings=ProxySettings{host=null, port=null, username=null, password=null}}, connectionPoolSettings=ConnectionPoolSettings{maxSize=100, minSize=0, maxWaitTimeMS=120000, maxConnectionLifeTimeMS=0, maxConnectionIdleTimeMS=0, maintenanceInitialDelayMS=0, maintenanceFrequencyMS=60000, connectionPoolListeners=[io.micrometer.core.instrument.binder.mongodb.MongoMetricsConnectionPoolListener@5b92fdaa], maxConnecting=2}, serverSettings=ServerSettings{heartbeatFrequencyMS=10000, minHeartbeatFrequencyMS=500, serverMonitoringMode=AUTO, serverListeners='[]', serverMonitorListeners='[]'}, sslSettings=SslSettings{enabled=false, invalidHostNameAllowed=false, context=null}, applicationName='null', compressorList=[], uuidRepresentation=JAVA_LEGACY, serverApi=null, autoEncryptionSettings=null, dnsClient=null, inetAddressResolver=null, contextProvider=null, timeoutMS=null}
2025-05-24T18:03:16.893+02:00  INFO 23060 --- [patientapi] [cluster-ClusterId{value='6831edc4dd34c205d8990c97', description='null'}-localhost:27017] org.mongodb.driver.cluster               : Monitor thread successfully connected to server with description ServerDescription{address=localhost:27017, type=STANDALONE, cryptd=false, state=CONNECTED, ok=true, minWireVersion=0, maxWireVersion=25, maxDocumentSize=16777216, logicalSessionTimeoutMinutes=30, roundTripTimeNanos=18365100, minRoundTripTimeNanos=0}
2025-05-24T18:03:17.007+02:00  WARN 23060 --- [patientapi] [restartedMain] o.s.b.d.a.OptionalLiveReloadServer       : Unable to start LiveReload server
2025-05-24T18:03:17.592+02:00  INFO 23060 --- [patientapi] [restartedMain] DiscoveryClientOptionalArgsConfiguration : Eureka HTTP Client uses RestTemplate.
2025-05-24T18:03:17.624+02:00  WARN 23060 --- [patientapi] [restartedMain] iguration$LoadBalancerCaffeineWarnLogger : Spring Cloud LoadBalancer is currently working with the default cache. While this cache implementation is useful for development and tests, it's recommended to use Caffeine cache in production.You can switch to using Caffeine cache, by adding it and org.springframework.cache.caffeine.CaffeineCacheManager to the classpath.
2025-05-24T18:03:17.632+02:00  INFO 23060 --- [patientapi] [restartedMain] o.s.b.a.e.web.EndpointLinksResolver      : Exposing 1 endpoint beneath base path '/actuator'
2025-05-24T18:03:17.689+02:00  INFO 23060 --- [patientapi] [restartedMain] o.s.c.n.eureka.InstanceInfoFactory       : Setting initial instance status as: STARTING
2025-05-24T18:03:17.708+02:00  INFO 23060 --- [patientapi] [restartedMain] com.netflix.discovery.DiscoveryClient    : Initializing Eureka in region us-east-1
2025-05-24T18:03:17.712+02:00  INFO 23060 --- [patientapi] [restartedMain] c.n.d.s.r.aws.ConfigClusterResolver      : Resolving eureka endpoints via configuration
2025-05-24T18:03:17.718+02:00  INFO 23060 --- [patientapi] [restartedMain] com.netflix.discovery.DiscoveryClient    : Disable delta property : false
2025-05-24T18:03:17.719+02:00  INFO 23060 --- [patientapi] [restartedMain] com.netflix.discovery.DiscoveryClient    : Single vip registry refresh property : null
2025-05-24T18:03:17.719+02:00  INFO 23060 --- [patientapi] [restartedMain] com.netflix.discovery.DiscoveryClient    : Force full registry fetch : false
2025-05-24T18:03:17.720+02:00  INFO 23060 --- [patientapi] [restartedMain] com.netflix.discovery.DiscoveryClient    : Application is null : false
2025-05-24T18:03:17.720+02:00  INFO 23060 --- [patientapi] [restartedMain] com.netflix.discovery.DiscoveryClient    : Registered Applications size is zero : true
2025-05-24T18:03:17.720+02:00  INFO 23060 --- [patientapi] [restartedMain] com.netflix.discovery.DiscoveryClient    : Application version is -1: true
2025-05-24T18:03:17.720+02:00  INFO 23060 --- [patientapi] [restartedMain] com.netflix.discovery.DiscoveryClient    : Getting all instance registry info from the eureka server
2025-05-24T18:03:17.974+02:00  INFO 23060 --- [patientapi] [restartedMain] com.netflix.discovery.DiscoveryClient    : The response status is 200
2025-05-24T18:03:17.976+02:00  INFO 23060 --- [patientapi] [restartedMain] com.netflix.discovery.DiscoveryClient    : Starting heartbeat executor: renew interval is: 30
2025-05-24T18:03:17.977+02:00  INFO 23060 --- [patientapi] [restartedMain] c.n.discovery.InstanceInfoReplicator     : InstanceInfoReplicator onDemand update allowed rate per min is 4
2025-05-24T18:03:17.978+02:00  INFO 23060 --- [patientapi] [restartedMain] com.netflix.discovery.DiscoveryClient    : Discovery Client initialized at timestamp 1748102597978 with initial instances count: 2
2025-05-24T18:03:17.981+02:00  INFO 23060 --- [patientapi] [restartedMain] o.s.c.n.e.s.EurekaServiceRegistry        : Registering application PATIENTAPI with eureka with status UP
2025-05-24T18:03:17.982+02:00  INFO 23060 --- [patientapi] [restartedMain] com.netflix.discovery.DiscoveryClient    : Saw local status change event StatusChangeEvent [timestamp=1748102597982, current=UP, previous=STARTING]
2025-05-24T18:03:17.984+02:00  INFO 23060 --- [patientapi] [DiscoveryClient-InstanceInfoReplicator-%d] com.netflix.discovery.DiscoveryClient    : DiscoveryClient_PATIENTAPI/PC-Quentin-Martel.mshome.net:patientapi:5000: registering service...
2025-05-24T18:03:17.989+02:00  INFO 23060 --- [patientapi] [restartedMain] o.s.c.n.e.s.EurekaServiceRegistry        : Unregistering application PATIENTAPI with eureka with status DOWN
2025-05-24T18:03:17.990+02:00  INFO 23060 --- [patientapi] [restartedMain] com.netflix.discovery.DiscoveryClient    : Saw local status change event StatusChangeEvent [timestamp=1748102597990, current=DOWN, previous=UP]
2025-05-24T18:03:17.990+02:00  WARN 23060 --- [patientapi] [restartedMain] ConfigServletWebServerApplicationContext : Exception encountered during context initialization - cancelling refresh attempt: org.springframework.context.ApplicationContextException: Failed to start bean 'webServerStartStop'
2025-05-24T18:03:18.003+02:00  INFO 23060 --- [patientapi] [restartedMain] com.netflix.discovery.DiscoveryClient    : Shutting down DiscoveryClient ...
2025-05-24T18:03:18.035+02:00  INFO 23060 --- [patientapi] [DiscoveryClient-InstanceInfoReplicator-%d] com.netflix.discovery.DiscoveryClient    : DiscoveryClient_PATIENTAPI/PC-Quentin-Martel.mshome.net:patientapi:5000 - registration status: 204
2025-05-24T18:03:18.035+02:00  INFO 23060 --- [patientapi] [DiscoveryClient-InstanceInfoReplicator-%d] com.netflix.discovery.DiscoveryClient    : DiscoveryClient_PATIENTAPI/PC-Quentin-Martel.mshome.net:patientapi:5000: registering service...
2025-05-24T18:03:18.040+02:00  INFO 23060 --- [patientapi] [DiscoveryClient-InstanceInfoReplicator-%d] com.netflix.discovery.DiscoveryClient    : DiscoveryClient_PATIENTAPI/PC-Quentin-Martel.mshome.net:patientapi:5000 - registration status: 204
2025-05-24T18:03:18.041+02:00  INFO 23060 --- [patientapi] [restartedMain] com.netflix.discovery.DiscoveryClient    : Unregistering ...
2025-05-24T18:03:18.047+02:00  INFO 23060 --- [patientapi] [restartedMain] com.netflix.discovery.DiscoveryClient    : DiscoveryClient_PATIENTAPI/PC-Quentin-Martel.mshome.net:patientapi:5000 - deregister  status: 200
2025-05-24T18:03:18.047+02:00  INFO 23060 --- [patientapi] [restartedMain] com.netflix.discovery.DiscoveryClient    : Completed shut down of DiscoveryClient
2025-05-24T18:03:18.064+02:00  INFO 23060 --- [patientapi] [restartedMain] .s.b.a.l.ConditionEvaluationReportLogger : 

Error starting ApplicationContext. To display the condition evaluation report re-run your application with 'debug' enabled.
2025-05-24T18:03:18.080+02:00 ERROR 23060 --- [patientapi] [restartedMain] o.s.b.d.LoggingFailureAnalysisReporter   : 

***************************
APPLICATION FAILED TO START
***************************

Description:

Web server failed to start. Port 5000 was already in use.

Action:

Identify and stop the process that's listening on port 5000 or configure this application to listen on another port.

2025-05-24T18:03:55.174+02:00  INFO 24092 --- [patientapi] [restartedMain] c.mediLabo.noteApi.NoteApiApplication    : Starting NoteApiApplication using Java 22.0.1 with PID 24092 (C:\Users\martel\Desktop\1-dev java\P9-Entrainement\noteApi\target\classes started by martel in C:\Users\martel\Desktop\1-dev java\P9-Entrainement\noteApi)
2025-05-24T18:03:55.175+02:00  INFO 24092 --- [patientapi] [restartedMain] c.mediLabo.noteApi.NoteApiApplication    : No active profile set, falling back to 1 default profile: "default"
2025-05-24T18:03:55.219+02:00  INFO 24092 --- [patientapi] [restartedMain] o.s.c.c.c.ConfigServerConfigDataLoader   : Fetching config from server at : http://localhost:5555
2025-05-24T18:03:55.219+02:00  INFO 24092 --- [patientapi] [restartedMain] o.s.c.c.c.ConfigServerConfigDataLoader   : Located environment: name=patientapi, profiles=[default], label=null, version=null, state=null
2025-05-24T18:03:55.221+02:00  INFO 24092 --- [patientapi] [restartedMain] .e.DevToolsPropertyDefaultsPostProcessor : Devtools property defaults active! Set 'spring.devtools.add-properties' to 'false' to disable
2025-05-24T18:03:55.221+02:00  INFO 24092 --- [patientapi] [restartedMain] .e.DevToolsPropertyDefaultsPostProcessor : For additional web related logging consider setting the 'logging.level.web' property to 'DEBUG'
2025-05-24T18:03:56.014+02:00  INFO 24092 --- [patientapi] [restartedMain] .s.d.r.c.RepositoryConfigurationDelegate : Bootstrapping Spring Data MongoDB repositories in DEFAULT mode.
2025-05-24T18:03:56.105+02:00  INFO 24092 --- [patientapi] [restartedMain] .s.d.r.c.RepositoryConfigurationDelegate : Finished Spring Data repository scanning in 86 ms. Found 1 MongoDB repository interface.
2025-05-24T18:03:56.229+02:00  INFO 24092 --- [patientapi] [restartedMain] o.s.cloud.context.scope.GenericScope     : BeanFactory id=0ba23d0c-7cc0-37ee-b434-248d1e822a79
2025-05-24T18:03:56.533+02:00  INFO 24092 --- [patientapi] [restartedMain] o.s.b.w.embedded.tomcat.TomcatWebServer  : Tomcat initialized with port 5000 (http)
2025-05-24T18:03:56.546+02:00  INFO 24092 --- [patientapi] [restartedMain] o.apache.catalina.core.StandardService   : Starting service [Tomcat]
2025-05-24T18:03:56.547+02:00  INFO 24092 --- [patientapi] [restartedMain] o.apache.catalina.core.StandardEngine    : Starting Servlet engine: [Apache Tomcat/10.1.40]
2025-05-24T18:03:56.582+02:00  INFO 24092 --- [patientapi] [restartedMain] o.a.c.c.C.[Tomcat].[localhost].[/]       : Initializing Spring embedded WebApplicationContext
2025-05-24T18:03:56.583+02:00  INFO 24092 --- [patientapi] [restartedMain] w.s.c.ServletWebServerApplicationContext : Root WebApplicationContext: initialization completed in 1361 ms
2025-05-24T18:03:56.896+02:00  INFO 24092 --- [patientapi] [restartedMain] org.mongodb.driver.client                : MongoClient with metadata {"driver": {"name": "mongo-java-driver|sync|spring-boot", "version": "5.2.1"}, "os": {"type": "Windows", "name": "Windows 11", "architecture": "amd64", "version": "10.0"}, "platform": "Java/Eclipse Adoptium/22.0.1+8"} created with settings MongoClientSettings{readPreference=primary, writeConcern=WriteConcern{w=null, wTimeout=null ms, journal=null}, retryWrites=true, retryReads=true, readConcern=ReadConcern{level=null}, credential=null, transportSettings=null, commandListeners=[io.micrometer.core.instrument.binder.mongodb.MongoMetricsCommandListener@1aa2e97], codecRegistry=ProvidersCodecRegistry{codecProviders=[ValueCodecProvider{}, BsonValueCodecProvider{}, DBRefCodecProvider{}, DBObjectCodecProvider{}, DocumentCodecProvider{}, CollectionCodecProvider{}, IterableCodecProvider{}, MapCodecProvider{}, GeoJsonCodecProvider{}, GridFSFileCodecProvider{}, Jsr310CodecProvider{}, JsonObjectCodecProvider{}, BsonCodecProvider{}, EnumCodecProvider{}, com.mongodb.client.model.mql.ExpressionCodecProvider@6644f3b1, com.mongodb.Jep395RecordCodecProvider@2b1adc8c, com.mongodb.KotlinCodecProvider@249a8f6f]}, loggerSettings=LoggerSettings{maxDocumentLength=1000}, clusterSettings={hosts=[localhost:27017], srvServiceName=mongodb, mode=SINGLE, requiredClusterType=UNKNOWN, requiredReplicaSetName='null', serverSelector='null', clusterListeners='[]', serverSelectionTimeout='30000 ms', localThreshold='15 ms'}, socketSettings=SocketSettings{connectTimeoutMS=10000, readTimeoutMS=0, receiveBufferSize=0, proxySettings=ProxySettings{host=null, port=null, username=null, password=null}}, heartbeatSocketSettings=SocketSettings{connectTimeoutMS=10000, readTimeoutMS=10000, receiveBufferSize=0, proxySettings=ProxySettings{host=null, port=null, username=null, password=null}}, connectionPoolSettings=ConnectionPoolSettings{maxSize=100, minSize=0, maxWaitTimeMS=120000, maxConnectionLifeTimeMS=0, maxConnectionIdleTimeMS=0, maintenanceInitialDelayMS=0, maintenanceFrequencyMS=60000, connectionPoolListeners=[io.micrometer.core.instrument.binder.mongodb.MongoMetricsConnectionPoolListener@7494d3fd], maxConnecting=2}, serverSettings=ServerSettings{heartbeatFrequencyMS=10000, minHeartbeatFrequencyMS=500, serverMonitoringMode=AUTO, serverListeners='[]', serverMonitorListeners='[]'}, sslSettings=SslSettings{enabled=false, invalidHostNameAllowed=false, context=null}, applicationName='null', compressorList=[], uuidRepresentation=JAVA_LEGACY, serverApi=null, autoEncryptionSettings=null, dnsClient=null, inetAddressResolver=null, contextProvider=null, timeoutMS=null}
2025-05-24T18:03:56.910+02:00  INFO 24092 --- [patientapi] [cluster-ClusterId{value='6831edecfeb9970e1c0cd495', description='null'}-localhost:27017] org.mongodb.driver.cluster               : Monitor thread successfully connected to server with description ServerDescription{address=localhost:27017, type=STANDALONE, cryptd=false, state=CONNECTED, ok=true, minWireVersion=0, maxWireVersion=25, maxDocumentSize=16777216, logicalSessionTimeoutMinutes=30, roundTripTimeNanos=17870600, minRoundTripTimeNanos=0}
2025-05-24T18:03:57.014+02:00  WARN 24092 --- [patientapi] [restartedMain] o.s.b.d.a.OptionalLiveReloadServer       : Unable to start LiveReload server
2025-05-24T18:03:57.577+02:00  INFO 24092 --- [patientapi] [restartedMain] DiscoveryClientOptionalArgsConfiguration : Eureka HTTP Client uses RestTemplate.
2025-05-24T18:03:57.604+02:00  WARN 24092 --- [patientapi] [restartedMain] iguration$LoadBalancerCaffeineWarnLogger : Spring Cloud LoadBalancer is currently working with the default cache. While this cache implementation is useful for development and tests, it's recommended to use Caffeine cache in production.You can switch to using Caffeine cache, by adding it and org.springframework.cache.caffeine.CaffeineCacheManager to the classpath.
2025-05-24T18:03:57.611+02:00  INFO 24092 --- [patientapi] [restartedMain] o.s.b.a.e.web.EndpointLinksResolver      : Exposing 1 endpoint beneath base path '/actuator'
2025-05-24T18:03:57.660+02:00  INFO 24092 --- [patientapi] [restartedMain] o.s.c.n.eureka.InstanceInfoFactory       : Setting initial instance status as: STARTING
2025-05-24T18:03:57.678+02:00  INFO 24092 --- [patientapi] [restartedMain] com.netflix.discovery.DiscoveryClient    : Initializing Eureka in region us-east-1
2025-05-24T18:03:57.682+02:00  INFO 24092 --- [patientapi] [restartedMain] c.n.d.s.r.aws.ConfigClusterResolver      : Resolving eureka endpoints via configuration
2025-05-24T18:03:57.688+02:00  INFO 24092 --- [patientapi] [restartedMain] com.netflix.discovery.DiscoveryClient    : Disable delta property : false
2025-05-24T18:03:57.689+02:00  INFO 24092 --- [patientapi] [restartedMain] com.netflix.discovery.DiscoveryClient    : Single vip registry refresh property : null
2025-05-24T18:03:57.689+02:00  INFO 24092 --- [patientapi] [restartedMain] com.netflix.discovery.DiscoveryClient    : Force full registry fetch : false
2025-05-24T18:03:57.689+02:00  INFO 24092 --- [patientapi] [restartedMain] com.netflix.discovery.DiscoveryClient    : Application is null : false
2025-05-24T18:03:57.689+02:00  INFO 24092 --- [patientapi] [restartedMain] com.netflix.discovery.DiscoveryClient    : Registered Applications size is zero : true
2025-05-24T18:03:57.689+02:00  INFO 24092 --- [patientapi] [restartedMain] com.netflix.discovery.DiscoveryClient    : Application version is -1: true
2025-05-24T18:03:57.690+02:00  INFO 24092 --- [patientapi] [restartedMain] com.netflix.discovery.DiscoveryClient    : Getting all instance registry info from the eureka server
2025-05-24T18:03:57.915+02:00  INFO 24092 --- [patientapi] [restartedMain] com.netflix.discovery.DiscoveryClient    : The response status is 200
2025-05-24T18:03:57.916+02:00  INFO 24092 --- [patientapi] [restartedMain] com.netflix.discovery.DiscoveryClient    : Starting heartbeat executor: renew interval is: 30
2025-05-24T18:03:57.918+02:00  INFO 24092 --- [patientapi] [restartedMain] c.n.discovery.InstanceInfoReplicator     : InstanceInfoReplicator onDemand update allowed rate per min is 4
2025-05-24T18:03:57.919+02:00  INFO 24092 --- [patientapi] [restartedMain] com.netflix.discovery.DiscoveryClient    : Discovery Client initialized at timestamp 1748102637919 with initial instances count: 2
2025-05-24T18:03:57.922+02:00  INFO 24092 --- [patientapi] [restartedMain] o.s.c.n.e.s.EurekaServiceRegistry        : Registering application PATIENTAPI with eureka with status UP
2025-05-24T18:03:57.922+02:00  INFO 24092 --- [patientapi] [restartedMain] com.netflix.discovery.DiscoveryClient    : Saw local status change event StatusChangeEvent [timestamp=1748102637922, current=UP, previous=STARTING]
2025-05-24T18:03:57.925+02:00  INFO 24092 --- [patientapi] [DiscoveryClient-InstanceInfoReplicator-%d] com.netflix.discovery.DiscoveryClient    : DiscoveryClient_PATIENTAPI/PC-Quentin-Martel.mshome.net:patientapi:5000: registering service...
2025-05-24T18:03:57.928+02:00  INFO 24092 --- [patientapi] [restartedMain] o.s.c.n.e.s.EurekaServiceRegistry        : Unregistering application PATIENTAPI with eureka with status DOWN
2025-05-24T18:03:57.929+02:00  INFO 24092 --- [patientapi] [restartedMain] com.netflix.discovery.DiscoveryClient    : Saw local status change event StatusChangeEvent [timestamp=1748102637929, current=DOWN, previous=UP]
2025-05-24T18:03:57.929+02:00  WARN 24092 --- [patientapi] [restartedMain] ConfigServletWebServerApplicationContext : Exception encountered during context initialization - cancelling refresh attempt: org.springframework.context.ApplicationContextException: Failed to start bean 'webServerStartStop'
2025-05-24T18:03:57.941+02:00  INFO 24092 --- [patientapi] [restartedMain] com.netflix.discovery.DiscoveryClient    : Shutting down DiscoveryClient ...
2025-05-24T18:03:57.959+02:00  INFO 24092 --- [patientapi] [DiscoveryClient-InstanceInfoReplicator-%d] com.netflix.discovery.DiscoveryClient    : DiscoveryClient_PATIENTAPI/PC-Quentin-Martel.mshome.net:patientapi:5000 - registration status: 204
2025-05-24T18:03:57.959+02:00  INFO 24092 --- [patientapi] [DiscoveryClient-InstanceInfoReplicator-%d] com.netflix.discovery.DiscoveryClient    : DiscoveryClient_PATIENTAPI/PC-Quentin-Martel.mshome.net:patientapi:5000: registering service...
2025-05-24T18:03:57.964+02:00  INFO 24092 --- [patientapi] [DiscoveryClient-InstanceInfoReplicator-%d] com.netflix.discovery.DiscoveryClient    : DiscoveryClient_PATIENTAPI/PC-Quentin-Martel.mshome.net:patientapi:5000 - registration status: 204
2025-05-24T18:03:57.964+02:00  INFO 24092 --- [patientapi] [restartedMain] com.netflix.discovery.DiscoveryClient    : Unregistering ...
2025-05-24T18:03:57.969+02:00  INFO 24092 --- [patientapi] [restartedMain] com.netflix.discovery.DiscoveryClient    : DiscoveryClient_PATIENTAPI/PC-Quentin-Martel.mshome.net:patientapi:5000 - deregister  status: 200
2025-05-24T18:03:57.970+02:00  INFO 24092 --- [patientapi] [restartedMain] com.netflix.discovery.DiscoveryClient    : Completed shut down of DiscoveryClient
2025-05-24T18:03:57.987+02:00  INFO 24092 --- [patientapi] [restartedMain] .s.b.a.l.ConditionEvaluationReportLogger : 

Error starting ApplicationContext. To display the condition evaluation report re-run your application with 'debug' enabled.
2025-05-24T18:03:58.005+02:00 ERROR 24092 --- [patientapi] [restartedMain] o.s.b.d.LoggingFailureAnalysisReporter   : 

***************************
APPLICATION FAILED TO START
***************************

Description:

Web server failed to start. Port 5000 was already in use.

Action:

Identify and stop the process that's listening on port 5000 or configure this application to listen on another port.

