#
# A fatal error has been detected by the Java Runtime Environment:
#
#  EXCEPTION_ACCESS_VIOLATION (0xc0000005) at pc=0x000001e303a6100f, pid=264, tid=23228
#
# JRE version: OpenJDK Runtime Environment Temurin-22.0.1+8 (22.0.1+8) (build 22.0.1+8)
# Java VM: OpenJDK 64-Bit Server VM Temurin-22.0.1+8 (22.0.1+8, mixed mode, emulated-client, tiered, compressed oops, compressed class ptrs, g1 gc, windows-amd64)
# Problematic frame:
# v  ~BufferBlob::MethodHandles adapters 0x000001e303a6100f
#
# No core dump will be written. Minidumps are not enabled by default on client versions of Windows
#
# If you would like to submit a bug report, please visit:
#   https://github.com/adoptium/adoptium-support/issues
#

---------------  S U M M A R Y ------------

Command Line: -XX:+ShowCodeDetailsInExceptionMessages -agentlib:jdwp=transport=dt_socket,suspend=y,address=localhost:58890 -Dcom.sun.management.jmxremote -Dcom.sun.management.jmxremote.port=58889 -Dcom.sun.management.jmxremote.authenticate=false -Dcom.sun.management.jmxremote.ssl=false -Djava.rmi.server.hostname=localhost -Dspring.jmx.enabled=true -Dmanagement.endpoints.jmx.exposure.include=* -Dspring.application.admin.enabled=true -XX:TieredStopAtLevel=1 -Dspring.boot.project.name=gatewayapi -javaagent:C:\Users\martel\eclipse\java-2024-06\eclipse\configuration\org.eclipse.osgi\2231\0\.cp\lib\javaagent-shaded.jar -Dfile.encoding=UTF-8 -Dstdout.encoding=UTF-8 -Dstderr.encoding=UTF-8 com.medilabo.gatewayapi.GatewayApiApplication --spring.profiles.active=dev --spring.output.ansi.enabled=always

Host: 13th Gen Intel(R) Core(TM) i5-1345U, 12 cores, 15G,  Windows 11 , 64 bit Build 26100 (10.0.26100.4202)
Time: Tue Jun 17 19:55:06 2025 Paris, Madrid (heure duild 26100 (10.0.26100.4202) elapsed time: 11.722228 seconds (0d 0h 0m 11s)

---------------  T H R E A D  ---------------

Current thread (0x000001e312dfef70):  JavaThread "restartedMain"        [_thread_in_Java, id=23228, stack(0x000000497c800000,0x000000497c900000) (1024K)]

Stack: [0x000000497c800000,0x000000497c900000],  sp=0x000000497c8fdaf8,  free space=1014k
Native frames: (J=compiled Java code, j=interpreted, Vv=VM code, C=native code)
C  0x000001e303a6100f  (no source info available)

The last pc belongs to _linkToSpecial (printed below).

siginfo: EXCEPTION_ACCESS_VIOLATION (0xc0000005), reading address 0xfffffffffffffff7


Registers:
RAX=0x000001e303a390e6, RBX=0x000000070d294a40, RCX=0xfffffffffffffff7, RDX=0x0000000000000003
RSP=0x000000497c8fdaf8, RBP=0x000000497c8fdb50, RSI=0x000001e313f92b68, RDI=0x000001e31491a860
R8 =0x0000000000000004, R9 =0x0000000000000004, R10=0x00007ff85a67fd80, R11=0x000001e30e3d2830
R12=0x0000000000000000, R13=0x000000497c8fdaf8, R14=0x000000497c8fdb78, R15=0x000001e312dfef70
RIP=0x000001e303a6100f, EFLAGS=0x0000000000010202


Register to memory mapping:

RAX=0x000001e303a390e6 is at code_begin+3174 in an Interpreter codelet
return entry points  [0x000001e303a38480, 0x000001e303a3a388]  7944 bytes
RBX=0x000000070d294a40 is an oop: org.springframework.web.reactive.function.client.DefaultWebClientBuilder 
{0x000000070d294a40} - klass: 'org/springframework/web/reactive/function/client/DefaultWebClientBuilder'
 - ---- fields (total size 9 words):
 - private 'baseUrl' 'Ljava/lang/String;' @12  null (0x00000000)
 - private 'defaultUriVariables' 'Ljava/util/Map;' @16  null (0x00000000)
 - private 'uriBuilderFactory' 'Lorg/springframework/web/util/UriBuilderFactory;' @20  null (0x00000000)
 - private 'defaultHeaders' 'Lorg/springframework/http/HttpHeaders;' @24  null (0x00000000)
 - private 'defaultCookies' 'Lorg/springframework/util/MultiValueMap;' @28  null (0x00000000)
 - private 'defaultRequest' 'Ljava/util/function/Consumer;' @32  null (0x00000000)
 - private 'statusHandlers' 'Ljava/util/Map;' @36  null (0x00000000)
 - private 'filters' 'Ljava/util/List;' @40  a 'java/util/ArrayList'{0x000000070d380700} (0xe1a700e0)
 - private 'connector' 'Lorg/springframework/http/client/reactive/ClientHttpConnector;' @44  null (0x00000000)
 - private 'strategies' 'Lorg/springframework/web/reactive/function/client/ExchangeStrategies;' @48  null (0x00000000)
 - private 'strategiesConfigurers' 'Ljava/util/List;' @52  null (0x00000000)
 - private 'exchangeFunction' 'Lorg/springframework/web/reactive/function/client/ExchangeFunction;' @56  null (0x00000000)
 - private 'observationRegistry' 'Lio/micrometer/observation/ObservationRegistry;' @60  a 'io/micrometer/observation/NoopObservationRegistry'{0x000000070d2c0cc0} (0xe1a58198)
 - private 'observationConvention' 'Lorg/springframework/web/reactive/function/client/ClientRequestObservationConvention;' @64  null (0x00000000)
RCX=0xfffffffffffffff7 is an unknown value
RDX=0x0000000000000003 is an unknown value
RSP=0x000000497c8fdaf8 is pointing into the stack for thread: 0x000001e312dfef70
RBP=0x000000497c8fdb50 is pointing into the stack for thread: 0x000001e312dfef70
RSI=0x000001e313f92b68 points into unknown readable memory: 0x9f000300d6010000 | 00 00 01 d6 00 03 00 9f
RDI=0x000001e31491a860 points into unknown readable memory: 0x0000002000000080 | 80 00 00 00 20 00 00 00
R8 =0x0000000000000004 is an unknown value
R9 =0x0000000000000004 is an unknown value
R10=0x00007ff85a67fd80 jvm.dll
R11={method} {0x000001e30e3d2838} 'newInvokeSpecial' '(Ljava/lang/Object;Ljava/lang/Object;)Ljava/lang/Object;' in 'java/lang/invoke/DirectMethodHandle$Holder'
R12=0x0 is null
R13=0x000000497c8fdaf8 is pointing into the stack for thread: 0x000001e312dfef70
R14=0x000000497c8fdb78 is pointing into the stack for thread: 0x000001e312dfef70
R15=0x000001e312dfef70 is a thread

Top of Stack: (sp=0x000000497c8fdaf8)
0x000000497c8fdaf8:   000001e303a390e6 000000070d383150
0x000000497c8fdb08:   fffffffffffffff7 000001e30e3d2820
0x000000497c8fdb18:   0000000000000005 000001e30e3d7468
0x000000497c8fdb28:   000001e303e73a74 000000070a191678
0x000000497c8fdb38:   000001e30e3d2830 fffffffffffffff5
0x000000497c8fdb48:   000000497c8fdb80 000000497c8fdf38
0x000000497c8fdb58:   000001e30423abf0 000000070d382f08
0x000000497c8fdb68:   000000070d383150 000000070d294a40
0x000000497c8fdb78:   000000070d382f38 000001e314063f18
0x000000497c8fdb88:   00007ff859c24e01 000001e37cfca901
0x000000497c8fdb98:   000000070d383110 000000070d294a40
0x000000497c8fdba8:   000000070d3830c0 000000070d382f38
0x000000497c8fdbb8:   000000070d294a40 000001e30423ab2c
0x000000497c8fdbc8:   000000070d5d0ca8 000000497c8fdf38
0x000000497c8fdbd8:   000001e303e7098b 000000497c8fdf38
0x000000497c8fdbe8:   000001e303e6f534 000001e300000000
0x000000497c8fdbf8:   00007ff800000003 000000497c8fdf38
0x000000497c8fdc08:   000001e3043ee27c 000000497c8fb378
0x000000497c8fdc18:   000001e312dfef01 000000497c8fb301
0x000000497c8fdc28:   00007ff800000001 0000004900000000
0x000000497c8fdc38:   0000000000000001 000001e314062c50
0x000000497c8fdc48:   000001e3132ed5d0 000000497c8fd390
0x000000497c8fdc58:   000001e303a39613 000000070a190740
0x000000497c8fdc68:   000000070be09288 000000070d5d0ca8
0x000000497c8fdc78:   000000070d5d0ca8 000000070d383138
0x000000497c8fdc88:   000000070d382c40 0000000000000000
0x000000497c8fdc98:   000000070d383138 000000497c8fdf38
0x000000497c8fdca8:   000001e300000001 000000070d294a40
0x000000497c8fdcb8:   000000070d383110 000000497c8fdf38
0x000000497c8fdcc8:   000001e303e6d5dc 0000000000000000
0x000000497c8fdcd8:   0000000000000000 0000000000000000
0x000000497c8fdce8:   0000000000000000 000001e312dfef70 

Instructions: (pc=0x000001e303a6100f)
0x000001e303a60f0f:   90 66 66 66 0f 1f 84 00 00 00 00 00 66 66 66 90
0x000001e303a60f1f:   90 48 8b 53 08 0f b7 52 2e 48 8b 0c d4 8b 59 14
0x000001e303a60f2f:   48 c1 e3 03 8b 5b 28 48 c1 e3 03 8b 5b 24 48 c1
0x000001e303a60f3f:   e3 03 48 8b 5b 10 48 85 db 0f 84 10 00 00 00 41
0x000001e303a60f4f:   80 bf e8 05 00 00 00 74 03 ff 63 38 ff 63 50 e9
0x000001e303a60f5f:   9d 16 00 00 66 66 66 0f 1f 84 00 00 00 00 00 66
0x000001e303a60f6f:   66 66 90 66 66 0f 1f 84 00 00 00 00 00 66 66 66
0x000001e303a60f7f:   90 48 8b 53 08 0f b7 52 2e 48 8b 0c d4 58 5b 50
0x000001e303a60f8f:   44 8b 51 08 4c 8b 5b 10 4b 8b 9c da c8 01 00 00
0x000001e303a60f9f:   48 85 db 0f 84 10 00 00 00 41 80 bf e8 05 00 00
0x000001e303a60faf:   00 74 03 ff 63 38 ff 63 50 e9 43 16 00 00 66 66
0x000001e303a60fbf:   90 58 5b 50 8b 5b 24 48 c1 e3 03 48 8b 5b 10 48
0x000001e303a60fcf:   85 db 0f 84 10 00 00 00 41 80 bf e8 05 00 00 00
0x000001e303a60fdf:   74 03 ff 63 38 ff 63 50 e9 14 16 00 00 66 66 66
0x000001e303a60fef:   0f 1f 84 00 00 00 00 00 66 66 66 90 0f 1f 44 00
0x000001e303a60fff:   00 48 8b 53 08 0f b7 52 2e 48 8b 0c d4 58 5b 50
0x000001e303a6100f:   48 3b 01 8b 5b 24 48 c1 e3 03 48 8b 5b 10 48 85
0x000001e303a6101f:   db 0f 84 10 00 00 00 41 80 bf e8 05 00 00 00 74
0x000001e303a6102f:   03 ff 63 38 ff 63 50 e9 c5 15 00 00 0f 1f 44 00
0x000001e303a6103f:   00 48 8b 53 08 0f b7 52 2e 48 8b 0c d4 58 5b 50
0x000001e303a6104f:   44 8b 51 08 8b 43 18 48 c1 e0 03 48 8b 40 10 48
0x000001e303a6105f:   8b 5b 10 45 8b 9a a0 00 00 00 4f 8d 9c da c8 01
0x000001e303a6106f:   00 00 4d 8d 14 da 49 8b 1b 48 3b c3 74 15 48 85
0x000001e303a6107f:   db 0f 84 32 00 00 00 49 83 c3 10 49 8b 1b 48 3b
0x000001e303a6108f:   c3 75 eb 45 8b 5b 08 4b 8b 1c 1a 48 85 db 0f 84
0x000001e303a6109f:   10 00 00 00 41 80 bf e8 05 00 00 00 74 03 ff 63
0x000001e303a610af:   38 ff 63 50 e9 48 15 00 00 e9 43 12 00 00 f4 00
0x000001e303a610bf:   00 00 00 00 00 00 00 00 00 00 00 00 00 00 00 00
0x000001e303a610cf:   00 00 00 00 00 00 00 00 00 00 00 00 00 00 00 00
0x000001e303a610df:   00 00 00 00 00 00 00 00 00 00 00 00 00 00 00 00
0x000001e303a610ef:   00 00 00 00 00 00 00 00 00 00 00 00 00 00 00 00
0x000001e303a610ff:   00 00 00 00 00 00 00 00 00 00 00 00 00 00 00 00 


Stack slot to memory mapping:

stack at sp + 0 slots: 0x000001e303a390e6 is at code_begin+3174 in an Interpreter codelet
return entry points  [0x000001e303a38480, 0x000001e303a3a388]  7944 bytes
stack at sp + 1 slots: 0x000000070d383150 is an oop: com.medilabo.gatewayapi.config.JwtValidationFilter 
{0x000000070d383150} - klass: 'com/medilabo/gatewayapi/config/JwtValidationFilter'
 - ---- fields (total size 2 words):
 - private final 'webClient' 'Lorg/springframework/web/reactive/function/client/WebClient;' @12  null (0x00000000)
stack at sp + 2 slots: 0xfffffffffffffff7 is an unknown value
stack at sp + 3 slots: 0x000001e30e3d2820 is pointing into metadata
stack at sp + 4 slots: 0x0000000000000005 is an unknown value
stack at sp + 5 slots: 0x000001e30e3d7468 is pointing into metadata
stack at sp + 6 slots: 0x000001e303e73a74 is at entry_point+788 in (nmethod*)0x000001e303e73590
Compiled method (c1) 11800  953       1       java.lang.reflect.AccessibleObject::slowVerifyAccess (67 bytes)
 total in heap  [0x000001e303e73590,0x000001e303e73c30] = 1696
 relocation     [0x000001e303e736e8,0x000001e303e73760] = 120
 main code      [0x000001e303e73760,0x000001e303e73ae8] = 904
 stub code      [0x000001e303e73ae8,0x000001e303e73b50] = 104
 metadata       [0x000001e303e73b50,0x000001e303e73b80] = 48
 scopes data    [0x000001e303e73b80,0x000001e303e73bc0] = 64
 scopes pcs     [0x000001e303e73bc0,0x000001e303e73c20] = 96
 dependencies   [0x000001e303e73c20,0x000001e303e73c30] = 16
stack at sp + 7 slots: 0x000000070a191678 is an oop: java.lang.Class 
{0x000000070a191678} - klass: 'java/lang/Class'
 - ---- fields (total size 14 words):
 - private volatile transient 'classRedefinedCount' 'I' @12  0 (0x00000000)
 - injected 'klass' 'J' @16  3187880992 (0x00000000be033420)
 - injected 'array_klass' 'J' @24  0 (0x0000000000000000)
 - injected 'oop_size' 'I' @32  14 (0x0000000e)
 - injected 'static_oop_field_count' 'I' @36  0 (0x00000000)
 - private volatile transient 'cachedConstructor' 'Ljava/lang/reflect/Constructor;' @40  null (0x00000000)
 - private transient 'name' 'Ljava/lang/String;' @44  null (0x00000000)
 - private transient 'module' 'Ljava/lang/Module;' @48  a 'java/lang/Module'{0x000000070a165a50} (0xe142cb4a)
 - private final 'classLoader' 'Ljava/lang/ClassLoader;' @52  null (0x00000000)
 - private transient 'classData' 'Ljava/lang/Object;' @56  null (0x00000000)
 - private transient 'packageName' 'Ljava/lang/String;' @60  null (0x00000000)
 - private final 'componentType' 'Ljava/lang/Class;' @64  null (0x00000000)
 - private volatile transient 'reflectionData' 'Ljava/lang/ref/SoftReference;' @68  null (0x00000000)
 - private volatile transient 'genericInfo' 'Lsun/reflect/generics/repository/ClassRepository;' @72  null (0x00000000)
 - private volatile transient 'enumConstants' '[Ljava/lang/Object;' @76  null (0x00000000)
 - private volatile transient 'enumConstantDirectory' 'Ljava/util/Map;' @80  null (0x00000000)
 - private volatile transient 'annotationData' 'Ljava/lang/Class$AnnotationData;' @84  null (0x00000000)
 - private volatile transient 'annotationType' 'Lsun/reflect/annotation/AnnotationType;' @88  null (0x00000000)
 - transient 'classValueMap' 'Ljava/lang/ClassValue$ClassValueMap;' @92  null (0x00000000)
 - injected 'protection_domain' 'Ljava/lang/Object;' @96  null (0x00000000)
 - injected 'signers_name' 'Ljava/lang/Object;' @100  null (0x00000000)
 - injected 'source_file' 'Ljava/lang/Object;' @104  null (0x00000000)
 - signature: Ljava/lang/invoke/DirectMethodHandle$Holder;
 - ---- static fields (0):

MethodHandle::interpreter_entry::_linkToSpecial [0x000001e303a60fec, 0x000001e303a6103b] (79 bytes)
[MachCode]
  0x000001e303a60fec: 6666 660f | 1f84 0000 | 0000 0066 | 6666 900f | 1f44 0000 | 488b 5308 | 0fb7 522e | 488b 0cd4 
  0x000001e303a6100c: 585b 5048 | 3b01 8b5b | 2448 c1e3 | 0348 8b5b | 1048 85db | 0f84 1000 | 0000 4180 | bfe8 0500 
  0x000001e303a6102c: 0000 7403 | ff63 38ff | 6350 e9c5 | 
[/MachCode]

---------------  P R O C E S S  ---------------

Threads class SMR info:
_java_thread_list=0x000001e30d8a00d0, length=23, elements={
0x000001e37eb1faa0, 0x000001e30dbaaf00, 0x000001e30dbb00f0, 0x000001e30dbcaf50,
0x000001e30dbd5980, 0x000001e30dbb1770, 0x000001e30dbdb250, 0x000001e30dbe6cc0,
0x000001e30dbdcc90, 0x000001e30de4cfb0, 0x000001e30de761e0, 0x000001e30de7ac00,
0x000001e30dbde040, 0x000001e30dbdb8e0, 0x000001e30dbdabc0, 0x000001e30dbdd320,
0x000001e30dbdd9b0, 0x000001e30dbdbf70, 0x000001e30dbdc600, 0x000001e312dfe250,
0x000001e312e00320, 0x000001e312dfef70, 0x000001e312dfe8e0
}

Java Threads: ( => current thread )
  0x000001e37eb1faa0 JavaThread "main"                              [_thread_blocked, id=26336, stack(0x000000497a000000,0x000000497a100000) (1024K)]
  0x000001e30dbaaf00 JavaThread "Reference Handler"          daemon [_thread_blocked, id=1564, stack(0x000000497a800000,0x000000497a900000) (1024K)]
  0x000001e30dbb00f0 JavaThread "Finalizer"                  daemon [_thread_blocked, id=6184, stack(0x000000497a900000,0x000000497aa00000) (1024K)]
  0x000001e30dbcaf50 JavaThread "Signal Dispatcher"          daemon [_thread_blocked, id=16464, stack(0x000000497aa00000,0x000000497ab00000) (1024K)]
  0x000001e30dbd5980 JavaThread "Attach Listener"            daemon [_thread_blocked, id=8940, stack(0x000000497ab00000,0x000000497ac00000) (1024K)]
  0x000001e30dbb1770 JavaThread "Service Thread"             daemon [_thread_blocked, id=24908, stack(0x000000497ac00000,0x000000497ad00000) (1024K)]
  0x000001e30dbdb250 JavaThread "Monitor Deflation Thread"   daemon [_thread_blocked, id=26540, stack(0x000000497ad00000,0x000000497ae00000) (1024K)]
  0x000001e30dbe6cc0 JavaThread "C1 CompilerThread0"         daemon [_thread_blocked, id=26080, stack(0x000000497ae00000,0x000000497af00000) (1024K)]
  0x000001e30dbdcc90 JavaThread "Common-Cleaner"             daemon [_thread_blocked, id=3920, stack(0x000000497af00000,0x000000497b000000) (1024K)]
  0x000001e30de4cfb0 JavaThread "JDWP Transport Listener: dt_socket" daemon [_thread_blocked, id=26276, stack(0x000000497b300000,0x000000497b400000) (1024K)]
  0x000001e30de761e0 JavaThread "JDWP Event Helper Thread"   daemon [_thread_blocked, id=20616, stack(0x000000497b400000,0x000000497b500000) (1024K)]
  0x000001e30de7ac00 JavaThread "JDWP Command Reader"        daemon [_thread_in_native, id=24992, stack(0x000000497b500000,0x000000497b600000) (1024K)]
  0x000001e30dbde040 JavaThread "Notification Thread"        daemon [_thread_blocked, id=14652, stack(0x000000497b600000,0x000000497b700000) (1024K)]
  0x000001e30dbdb8e0 JavaThread "RMI TCP Accept-0"           daemon [_thread_in_native, id=21364, stack(0x000000497bf00000,0x000000497c000000) (1024K)]
  0x000001e30dbdabc0 JavaThread "RMI TCP Accept-58889"       daemon [_thread_in_native, id=6248, stack(0x000000497c000000,0x000000497c100000) (1024K)]
  0x000001e30dbdd320 JavaThread "RMI TCP Accept-0"           daemon [_thread_in_native, id=17716, stack(0x000000497c100000,0x000000497c200000) (1024K)]
  0x000001e30dbdd9b0 JavaThread "RMI TCP Connection(1)-127.0.0.1" daemon [_thread_in_native, id=24240, stack(0x000000497c300000,0x000000497c400000) (1024K)]
  0x000001e30dbdbf70 JavaThread "RMI Scheduler(0)"           daemon [_thread_blocked, id=24256, stack(0x000000497c400000,0x000000497c500000) (1024K)]
  0x000001e30dbdc600 JavaThread "RMI TCP Connection(2)-127.0.0.1" daemon [_thread_in_native, id=13836, stack(0x000000497c500000,0x000000497c600000) (1024K)]
  0x000001e312dfe250 JavaThread "JMX server connection timeout 40" daemon [_thread_blocked, id=26100, stack(0x000000497c600000,0x000000497c700000) (1024K)]
  0x000001e312e00320 JavaThread "Thread-0"                          [_thread_blocked, id=24676, stack(0x000000497c700000,0x000000497c800000) (1024K)]
=>0x000001e312dfef70 JavaThread "restartedMain"                     [_thread_in_Java, id=23228, stack(0x000000497c800000,0x000000497c900000) (1024K)]
  0x000001e312dfe8e0 JavaThread "boundedElastic-evictor-1"   daemon [_thread_blocked, id=24360, stack(0x000000497cb00000,0x000000497cc00000) (1024K)]
Total: 23

Other Threads:
  0x000001e30db69470 VMThread "VM Thread"                           [id=26384, stack(0x000000497a700000,0x000000497a800000) (1024K)]
  0x000001e30d8a17f0 WatcherThread "VM Periodic Task Thread"        [id=7728, stack(0x000000497a600000,0x000000497a700000) (1024K)]
  0x000001e37eb87ce0 WorkerThread "GC Thread#0"                     [id=22180, stack(0x000000497a100000,0x000000497a200000) (1024K)]
  0x000001e312cee410 WorkerThread "GC Thread#1"                     [id=23976, stack(0x000000497b700000,0x000000497b800000) (1024K)]
  0x000001e312cee7c0 WorkerThread "GC Thread#2"                     [id=8916, stack(0x000000497b800000,0x000000497b900000) (1024K)]
  0x000001e312ceeb70 WorkerThread "GC Thread#3"                     [id=9560, stack(0x000000497b900000,0x000000497ba00000) (1024K)]
  0x000001e312ceef20 WorkerThread "GC Thread#4"                     [id=23440, stack(0x000000497ba00000,0x000000497bb00000) (1024K)]
  0x000001e312d615f0 WorkerThread "GC Thread#5"                     [id=24932, stack(0x000000497bb00000,0x000000497bc00000) (1024K)]
  0x000001e312d619a0 WorkerThread "GC Thread#6"                     [id=25020, stack(0x000000497bc00000,0x000000497bd00000) (1024K)]
  0x000001e312d64170 WorkerThread "GC Thread#7"                     [id=15868, stack(0x000000497bd00000,0x000000497be00000) (1024K)]
  0x000001e312d64520 WorkerThread "GC Thread#8"                     [id=21780, stack(0x000000497be00000,0x000000497bf00000) (1024K)]
  0x000001e31314e5f0 WorkerThread "GC Thread#9"                     [id=26372, stack(0x000000497c200000,0x000000497c300000) (1024K)]
  0x000001e37d08dda0 ConcurrentGCThread "G1 Main Marker"            [id=18872, stack(0x000000497a200000,0x000000497a300000) (1024K)]
  0x000001e37d08eba0 WorkerThread "G1 Conc#0"                       [id=8328, stack(0x000000497a300000,0x000000497a400000) (1024K)]
  0x000001e3133c1c80 WorkerThread "G1 Conc#1"                       [id=24764, stack(0x000000497c900000,0x000000497ca00000) (1024K)]
  0x000001e3133fef40 WorkerThread "G1 Conc#2"                       [id=22736, stack(0x000000497ca00000,0x000000497cb00000) (1024K)]
  0x000001e30d770020 ConcurrentGCThread "G1 Refine#0"               [id=5672, stack(0x000000497a400000,0x000000497a500000) (1024K)]
  0x000001e30d7725d0 ConcurrentGCThread "G1 Service"                [id=21372, stack(0x000000497a500000,0x000000497a600000) (1024K)]
Total: 18

Threads with active compile tasks:
Total: 0

VM state: not at safepoint (normal execution)

VM Mutex/Monitor currently owned by a thread: None

Heap address: 0x0000000709e00000, size: 3938 MB, Compressed Oops mode: Zero based, Oop shift amount: 3

CDS archive(s) not mapped
Compressed class space mapped at: 0x00000000be000000-0x00000000fe000000, reserved size: 1073741824
Narrow klass base: 0x0000000000000000, Narrow klass shift: 0, Narrow klass range: 0xfe000000

GC Precious Log:
 CardTable entry size: 512
 Card Set container configuration: InlinePtr #cards 4 size 8 Array Of Cards #cards 16 size 48 Howl #buckets 8 coarsen threshold 3686 Howl Bitmap #cards 512 size 80 coarsen threshold 460 Card regions per heap region 1 cards per card region 4096
 CPUs: 12 total, 12 available
 Memory: 15747M
 Large Page Support: Disabled
 NUMA Support: Disabled
 Compressed Oops: Enabled (Zero based)
 Heap Region Size: 2M
 Heap Min Capacity: 8M
 Heap Initial Capacity: 248M
 Heap Max Capacity: 3938M
 Pre-touch: Disabled
 Parallel Workers: 10
 Concurrent Workers: 3
 Concurrent Refinement Workers: 10
 Periodic GC: Disabled

Heap:
 garbage-first heap   total reserved 4032512K, committed 92160K, used 62071K [0x0000000709e00000, 0x0000000800000000)
  region size 2048K, 23 young (47104K), 3 survivors (6144K)
 Metaspace       used 43672K, committed 44224K, reserved 1114112K
  class space    used 5655K, committed 5888K, reserved 1048576K

Heap Regions: E=young(eden), S=young(survivor), O=old, HS=humongous(starts), HC=humongous(continues), CS=collection set, F=free, TAMS=top-at-mark-start, PB=parsable bottom
|   0|0x0000000709e00000, 0x000000070a000000, 0x000000070a000000|100%| O|  |TAMS 0x0000000709e00000| PB 0x0000000709e00000| Untracked |  0
|   1|0x000000070a000000, 0x000000070a200000, 0x000000070a200000|100%| O|  |TAMS 0x000000070a000000| PB 0x000000070a000000| Untracked |  0
|   2|0x000000070a200000, 0x000000070a400000, 0x000000070a400000|100%| O|  |TAMS 0x000000070a200000| PB 0x000000070a200000| Untracked |  0
|   3|0x000000070a400000, 0x000000070a400000, 0x000000070a600000|  0%| F|  |TAMS 0x000000070a400000| PB 0x000000070a400000| Untracked |  0
|   4|0x000000070a600000, 0x000000070a800000, 0x000000070a800000|100%| O|  |TAMS 0x000000070a600000| PB 0x000000070a600000| Untracked |  0
|   5|0x000000070a800000, 0x000000070aa00000, 0x000000070aa00000|100%| O|  |TAMS 0x000000070a800000| PB 0x000000070a800000| Untracked |  0
|   6|0x000000070aa00000, 0x000000070ac00000, 0x000000070ac00000|100%| O|  |TAMS 0x000000070aa00000| PB 0x000000070aa00000| Untracked |  0
|   7|0x000000070ac00000, 0x000000070adb0cf0, 0x000000070ae00000| 84%| O|  |TAMS 0x000000070ac00000| PB 0x000000070ac00000| Untracked |  0
|   8|0x000000070ae00000, 0x000000070b000000, 0x000000070b000000|100%| O|  |TAMS 0x000000070ae00000| PB 0x000000070ae00000| Untracked |  0
|   9|0x000000070b000000, 0x000000070b200000, 0x000000070b200000|100%| O|  |TAMS 0x000000070b000000| PB 0x000000070b000000| Untracked |  0
|  10|0x000000070b200000, 0x000000070b297830, 0x000000070b400000| 29%| O|  |TAMS 0x000000070b200000| PB 0x000000070b200000| Untracked |  0
|  11|0x000000070b400000, 0x000000070b400000, 0x000000070b600000|  0%| F|  |TAMS 0x000000070b400000| PB 0x000000070b400000| Untracked |  0
|  12|0x000000070b600000, 0x000000070b6558f0, 0x000000070b800000| 16%| S|CS|TAMS 0x000000070b600000| PB 0x000000070b600000| Complete |  0
|  13|0x000000070b800000, 0x000000070b800000, 0x000000070ba00000|  0%| F|  |TAMS 0x000000070b800000| PB 0x000000070b800000| Untracked |  0
|  14|0x000000070ba00000, 0x000000070ba00000, 0x000000070bc00000|  0%| F|  |TAMS 0x000000070ba00000| PB 0x000000070ba00000| Untracked |  0
|  15|0x000000070bc00000, 0x000000070be00000, 0x000000070be00000|100%| S|CS|TAMS 0x000000070bc00000| PB 0x000000070bc00000| Complete |  0
|  16|0x000000070be00000, 0x000000070c000000, 0x000000070c000000|100%| S|CS|TAMS 0x000000070be00000| PB 0x000000070be00000| Complete |  0
|  17|0x000000070c000000, 0x000000070c000000, 0x000000070c200000|  0%| F|  |TAMS 0x000000070c000000| PB 0x000000070c000000| Untracked |  0
|  18|0x000000070c200000, 0x000000070c200000, 0x000000070c400000|  0%| F|  |TAMS 0x000000070c200000| PB 0x000000070c200000| Untracked |  0
|  19|0x000000070c400000, 0x000000070c400000, 0x000000070c600000|  0%| F|  |TAMS 0x000000070c400000| PB 0x000000070c400000| Untracked |  0
|  20|0x000000070c600000, 0x000000070c600000, 0x000000070c800000|  0%| F|  |TAMS 0x000000070c600000| PB 0x000000070c600000| Untracked |  0
|  21|0x000000070c800000, 0x000000070c800000, 0x000000070ca00000|  0%| F|  |TAMS 0x000000070c800000| PB 0x000000070c800000| Untracked |  0
|  22|0x000000070ca00000, 0x000000070ca00000, 0x000000070cc00000|  0%| F|  |TAMS 0x000000070ca00000| PB 0x000000070ca00000| Untracked |  0
|  23|0x000000070cc00000, 0x000000070cc00000, 0x000000070ce00000|  0%| F|  |TAMS 0x000000070cc00000| PB 0x000000070cc00000| Untracked |  0
|  24|0x000000070ce00000, 0x000000070ce00000, 0x000000070d000000|  0%| F|  |TAMS 0x000000070ce00000| PB 0x000000070ce00000| Untracked |  0
|  25|0x000000070d000000, 0x000000070d06bd50, 0x000000070d200000| 21%| E|  |TAMS 0x000000070d000000| PB 0x000000070d000000| Complete |  0
|  26|0x000000070d200000, 0x000000070d400000, 0x000000070d400000|100%| E|CS|TAMS 0x000000070d200000| PB 0x000000070d200000| Complete |  0
|  27|0x000000070d400000, 0x000000070d600000, 0x000000070d600000|100%| E|CS|TAMS 0x000000070d400000| PB 0x000000070d400000| Complete |  0
|  28|0x000000070d600000, 0x000000070d800000, 0x000000070d800000|100%| E|CS|TAMS 0x000000070d600000| PB 0x000000070d600000| Complete |  0
|  29|0x000000070d800000, 0x000000070da00000, 0x000000070da00000|100%| E|CS|TAMS 0x000000070d800000| PB 0x000000070d800000| Complete |  0
|  30|0x000000070da00000, 0x000000070dc00000, 0x000000070dc00000|100%| E|CS|TAMS 0x000000070da00000| PB 0x000000070da00000| Complete |  0
|  31|0x000000070dc00000, 0x000000070de00000, 0x000000070de00000|100%| E|CS|TAMS 0x000000070dc00000| PB 0x000000070dc00000| Complete |  0
|  32|0x000000070de00000, 0x000000070e000000, 0x000000070e000000|100%| E|CS|TAMS 0x000000070de00000| PB 0x000000070de00000| Complete |  0
|  33|0x000000070e000000, 0x000000070e200000, 0x000000070e200000|100%| E|CS|TAMS 0x000000070e000000| PB 0x000000070e000000| Complete |  0
|  34|0x000000070e200000, 0x000000070e400000, 0x000000070e400000|100%| E|CS|TAMS 0x000000070e200000| PB 0x000000070e200000| Complete |  0
|  35|0x000000070e400000, 0x000000070e600000, 0x000000070e600000|100%| E|CS|TAMS 0x000000070e400000| PB 0x000000070e400000| Complete |  0
|  36|0x000000070e600000, 0x000000070e800000, 0x000000070e800000|100%| E|CS|TAMS 0x000000070e600000| PB 0x000000070e600000| Complete |  0
|  37|0x000000070e800000, 0x000000070ea00000, 0x000000070ea00000|100%| E|CS|TAMS 0x000000070e800000| PB 0x000000070e800000| Complete |  0
|  38|0x000000070ea00000, 0x000000070ec00000, 0x000000070ec00000|100%| E|CS|TAMS 0x000000070ea00000| PB 0x000000070ea00000| Complete |  0
|  39|0x000000070ec00000, 0x000000070ee00000, 0x000000070ee00000|100%| E|CS|TAMS 0x000000070ec00000| PB 0x000000070ec00000| Complete |  0
|  59|0x0000000711400000, 0x0000000711600000, 0x0000000711600000|100%| E|CS|TAMS 0x0000000711400000| PB 0x0000000711400000| Complete |  0
|  60|0x0000000711600000, 0x0000000711800000, 0x0000000711800000|100%| E|CS|TAMS 0x0000000711600000| PB 0x0000000711600000| Complete |  0
|  61|0x0000000711800000, 0x0000000711a00000, 0x0000000711a00000|100%| E|CS|TAMS 0x0000000711800000| PB 0x0000000711800000| Complete |  0
|  62|0x0000000711a00000, 0x0000000711c00000, 0x0000000711c00000|100%| E|CS|TAMS 0x0000000711a00000| PB 0x0000000711a00000| Complete |  0
| 123|0x0000000719400000, 0x0000000719600000, 0x0000000719600000|100%| E|CS|TAMS 0x0000000719400000| PB 0x0000000719400000| Complete |  0

Card table byte_map: [0x000001e306a30000,0x000001e3071f0000] _byte_map_base: 0x000001e3031e1000

Marking Bits: (CMBitMap*) 0x000001e37eb88300
 Bits: [0x000001e3071f0000, 0x000001e30af78000)

Polling page: 0x000001e37d280000

Metaspace:

Usage:
  Non-class:     37.13 MB used.
      Class:      5.52 MB used.
       Both:     42.65 MB used.

Virtual space:
  Non-class space:       64.00 MB reserved,      37.44 MB ( 58%) committed,  1 nodes.
      Class space:        1.00 GB reserved,       5.75 MB ( <1%) committed,  1 nodes.
             Both:        1.06 GB reserved,      43.19 MB (  4%) committed. 

Chunk freelists:
   Non-Class:  10.41 MB
       Class:  10.13 MB
        Both:  20.54 MB

MaxMetaspaceSize: unlimited
CompressedClassSpaceSize: 1.00 GB
Initial GC threshold: 21.00 MB
Current GC threshold: 58.88 MB
CDS: off
 - commit_granule_bytes: 65536.
 - commit_granule_words: 8192.
 - virtual_space_node_default_size: 8388608.
 - enlarge_chunks_in_place: 1.
 - use_allocation_guard: 0.


Internal statistics:

num_allocs_failed_limit: 6.
num_arena_births: 636.
num_arena_deaths: 0.
num_vsnodes_births: 2.
num_vsnodes_deaths: 0.
num_space_committed: 691.
num_space_uncommitted: 0.
num_chunks_returned_to_freelist: 6.
num_chunks_taken_from_freelist: 1784.
num_chunk_merges: 6.
num_chunk_splits: 1234.
num_chunks_enlarged: 923.
num_inconsistent_stats: 0.

CodeCache: size=49152Kb used=9087Kb max_used=10717Kb free=40064Kb
 bounds [0x000001e303a30000, 0x000001e3044b0000, 0x000001e306a30000]
 total_blobs=5133 nmethods=4563 adapters=494
 compilation: enabled
              stopped_count=0, restarted_count=0
 full_count=0

Compilation events (20 events):
Event: 7.734 Thread 0x000001e30dbe6cc0 4582       1       java.lang.Long::reverseBytes (46 bytes)
Event: 7.734 Thread 0x000001e30dbe6cc0 nmethod 4582 0x000001e303c11c10 code [0x000001e303c11da0, 0x000001e303c11eb0]
Event: 8.794 Thread 0x000001e30dbe6cc0 4584       1       java.io.ObjectInputStream$BlockDataInputStream::readByte (20 bytes)
Event: 8.794 Thread 0x000001e30dbe6cc0 nmethod 4584 0x000001e303c11810 code [0x000001e303c119c0, 0x000001e303c11b38]
Event: 8.795 Thread 0x000001e30dbe6cc0 4587       1       java.io.ObjectStreamClass$FieldReflector::getObjFieldValues (96 bytes)
Event: 8.795 Thread 0x000001e30dbe6cc0 nmethod 4587 0x000001e303c10f10 code [0x000001e303c11100, 0x000001e303c11538]
Event: 8.795 Thread 0x000001e30dbe6cc0 4588   !   1       java.io.ObjectOutputStream::writeSerialData (223 bytes)
Event: 8.797 Thread 0x000001e30dbe6cc0 nmethod 4588 0x000001e303c0fc90 code [0x000001e303c0fee0, 0x000001e303c10920]
Event: 8.797 Thread 0x000001e30dbe6cc0 4585       1       java.io.ObjectInputStream$BlockDataInputStream::read (62 bytes)
Event: 8.798 Thread 0x000001e30dbe6cc0 nmethod 4585 0x000001e303c0f790 code [0x000001e303c0f960, 0x000001e303c0fb48]
Event: 8.798 Thread 0x000001e30dbe6cc0 4586       1       java.io.ObjectInputStream$PeekInputStream::read (47 bytes)
Event: 8.798 Thread 0x000001e30dbe6cc0 nmethod 4586 0x000001e303c0f410 code [0x000001e303c0f5c0, 0x000001e303c0f720]
Event: 10.814 Thread 0x000001e30dbe6cc0 4590       1       java.util.stream.ReferencePipeline::forEachWithCancel (23 bytes)
Event: 10.814 Thread 0x000001e30dbe6cc0 nmethod 4590 0x000001e303c0f010 code [0x000001e303c0f1c0, 0x000001e303c0f330]
Event: 10.814 Thread 0x000001e30dbe6cc0 4589       1       java.util.ArrayList$ArrayListSpliterator::getFence (35 bytes)
Event: 10.814 Thread 0x000001e30dbe6cc0 nmethod 4589 0x000001e303c0ed10 code [0x000001e303c0eea0, 0x000001e303c0ef88]
Event: 11.346 Thread 0x000001e30dbe6cc0 4591       1       java.io.ObjectInputStream$BlockDataInputStream::peekByte (20 bytes)
Event: 11.346 Thread 0x000001e30dbe6cc0 nmethod 4591 0x000001e303c0e910 code [0x000001e303c0eac0, 0x000001e303c0ec38]
Event: 11.346 Thread 0x000001e30dbe6cc0 4592       1       java.io.ObjectInputStream$BlockDataInputStream::peek (55 bytes)
Event: 11.346 Thread 0x000001e30dbe6cc0 nmethod 4592 0x000001e303c0e410 code [0x000001e303c0e5e0, 0x000001e303c0e7c0]

GC Heap History (20 events):
Event: 0.725 GC heap before
{Heap before GC invocations=0 (full 0):
 garbage-first heap   total reserved 4032512K, committed 253952K, used 22528K [0x0000000709e00000, 0x0000000800000000)
  region size 2048K, 12 young (24576K), 0 survivors (0K)
 Metaspace       used 13896K, committed 14144K, reserved 1114112K
  class space    used 1364K, committed 1472K, reserved 1048576K
}
Event: 0.730 GC heap after
{Heap after GC invocations=1 (full 0):
 garbage-first heap   total reserved 4032512K, committed 253952K, used 7406K [0x0000000709e00000, 0x0000000800000000)
  region size 2048K, 2 young (4096K), 2 survivors (4096K)
 Metaspace       used 13896K, committed 14144K, reserved 1114112K
  class space    used 1364K, committed 1472K, reserved 1048576K
}
Event: 0.956 GC heap before
{Heap before GC invocations=1 (full 0):
 garbage-first heap   total reserved 4032512K, committed 253952K, used 34030K [0x0000000709e00000, 0x0000000800000000)
  region size 2048K, 16 young (32768K), 2 survivors (4096K)
 Metaspace       used 17814K, committed 18048K, reserved 1114112K
  class space    used 1803K, committed 1920K, reserved 1048576K
}
Event: 0.960 GC heap after
{Heap after GC invocations=2 (full 0):
 garbage-first heap   total reserved 4032512K, committed 253952K, used 14504K [0x0000000709e00000, 0x0000000800000000)
  region size 2048K, 2 young (4096K), 2 survivors (4096K)
 Metaspace       used 17814K, committed 18048K, reserved 1114112K
  class space    used 1803K, committed 1920K, reserved 1048576K
}
Event: 1.207 GC heap before
{Heap before GC invocations=2 (full 0):
 garbage-first heap   total reserved 4032512K, committed 253952K, used 57512K [0x0000000709e00000, 0x0000000800000000)
  region size 2048K, 25 young (51200K), 2 survivors (4096K)
 Metaspace       used 21214K, committed 21504K, reserved 1114112K
  class space    used 2300K, committed 2432K, reserved 1048576K
}
Event: 1.210 GC heap after
{Heap after GC invocations=3 (full 0):
 garbage-first heap   total reserved 4032512K, committed 253952K, used 15776K [0x0000000709e00000, 0x0000000800000000)
  region size 2048K, 3 young (6144K), 3 survivors (6144K)
 Metaspace       used 21214K, committed 21504K, reserved 1114112K
  class space    used 2300K, committed 2432K, reserved 1048576K
}
Event: 1.390 GC heap before
{Heap before GC invocations=4 (full 0):
 garbage-first heap   total reserved 4032512K, committed 61440K, used 46496K [0x0000000709e00000, 0x0000000800000000)
  region size 2048K, 18 young (36864K), 3 survivors (6144K)
 Metaspace       used 23586K, committed 23936K, reserved 1114112K
  class space    used 2698K, committed 2816K, reserved 1048576K
}
Event: 1.393 GC heap after
{Heap after GC invocations=5 (full 0):
 garbage-first heap   total reserved 4032512K, committed 61440K, used 15381K [0x0000000709e00000, 0x0000000800000000)
  region size 2048K, 2 young (4096K), 2 survivors (4096K)
 Metaspace       used 23586K, committed 23936K, reserved 1114112K
  class space    used 2698K, committed 2816K, reserved 1048576K
}
Event: 1.499 GC heap before
{Heap before GC invocations=5 (full 0):
 garbage-first heap   total reserved 4032512K, committed 61440K, used 42005K [0x0000000709e00000, 0x0000000800000000)
  region size 2048K, 16 young (32768K), 2 survivors (4096K)
 Metaspace       used 26039K, committed 26368K, reserved 1114112K
  class space    used 3074K, committed 3200K, reserved 1048576K
}
Event: 1.502 GC heap after
{Heap after GC invocations=6 (full 0):
 garbage-first heap   total reserved 4032512K, committed 61440K, used 15826K [0x0000000709e00000, 0x0000000800000000)
  region size 2048K, 1 young (2048K), 1 survivors (2048K)
 Metaspace       used 26039K, committed 26368K, reserved 1114112K
  class space    used 3074K, committed 3200K, reserved 1048576K
}
Event: 1.607 GC heap before
{Heap before GC invocations=6 (full 0):
 garbage-first heap   total reserved 4032512K, committed 61440K, used 46546K [0x0000000709e00000, 0x0000000800000000)
  region size 2048K, 17 young (34816K), 1 survivors (2048K)
 Metaspace       used 28960K, committed 29312K, reserved 1114112K
  class space    used 3566K, committed 3712K, reserved 1048576K
}
Event: 1.608 GC heap after
{Heap after GC invocations=7 (full 0):
 garbage-first heap   total reserved 4032512K, committed 157696K, used 16636K [0x0000000709e00000, 0x0000000800000000)
  region size 2048K, 2 young (4096K), 2 survivors (4096K)
 Metaspace       used 28960K, committed 29312K, reserved 1114112K
  class space    used 3566K, committed 3712K, reserved 1048576K
}
Event: 1.953 GC heap before
{Heap before GC invocations=7 (full 0):
 garbage-first heap   total reserved 4032512K, committed 157696K, used 104700K [0x0000000709e00000, 0x0000000800000000)
  region size 2048K, 46 young (94208K), 2 survivors (4096K)
 Metaspace       used 34834K, committed 35200K, reserved 1114112K
  class space    used 4261K, committed 4416K, reserved 1048576K
}
Event: 1.957 GC heap after
{Heap after GC invocations=8 (full 0):
 garbage-first heap   total reserved 4032512K, committed 157696K, used 20163K [0x0000000709e00000, 0x0000000800000000)
  region size 2048K, 3 young (6144K), 3 survivors (6144K)
 Metaspace       used 34834K, committed 35200K, reserved 1114112K
  class space    used 4261K, committed 4416K, reserved 1048576K
}
Event: 2.128 GC heap before
{Heap before GC invocations=8 (full 0):
 garbage-first heap   total reserved 4032512K, committed 157696K, used 46787K [0x0000000709e00000, 0x0000000800000000)
  region size 2048K, 17 young (34816K), 3 survivors (6144K)
 Metaspace       used 35701K, committed 36096K, reserved 1114112K
  class space    used 4398K, committed 4608K, reserved 1048576K
}
Event: 2.132 GC heap after
{Heap after GC invocations=9 (full 0):
 garbage-first heap   total reserved 4032512K, committed 157696K, used 20662K [0x0000000709e00000, 0x0000000800000000)
  region size 2048K, 4 young (8192K), 4 survivors (8192K)
 Metaspace       used 35701K, committed 36096K, reserved 1114112K
  class space    used 4398K, committed 4608K, reserved 1048576K
}
Event: 2.409 GC heap before
{Heap before GC invocations=10 (full 0):
 garbage-first heap   total reserved 4032512K, committed 75776K, used 57526K [0x0000000709e00000, 0x0000000800000000)
  region size 2048K, 22 young (45056K), 4 survivors (8192K)
 Metaspace       used 37407K, committed 37824K, reserved 1114112K
  class space    used 4676K, committed 4864K, reserved 1048576K
}
Event: 2.413 GC heap after
{Heap after GC invocations=11 (full 0):
 garbage-first heap   total reserved 4032512K, committed 75776K, used 22307K [0x0000000709e00000, 0x0000000800000000)
  region size 2048K, 2 young (4096K), 2 survivors (4096K)
 Metaspace       used 37407K, committed 37824K, reserved 1114112K
  class space    used 4676K, committed 4864K, reserved 1048576K
}
Event: 2.762 GC heap before
{Heap before GC invocations=11 (full 0):
 garbage-first heap   total reserved 4032512K, committed 75776K, used 63267K [0x0000000709e00000, 0x0000000800000000)
  region size 2048K, 22 young (45056K), 2 survivors (4096K)
 Metaspace       used 39919K, committed 40448K, reserved 1114112K
  class space    used 5080K, committed 5312K, reserved 1048576K
}
Event: 2.766 GC heap after
{Heap after GC invocations=12 (full 0):
 garbage-first heap   total reserved 4032512K, committed 92160K, used 23159K [0x0000000709e00000, 0x0000000800000000)
  region size 2048K, 3 young (6144K), 3 survivors (6144K)
 Metaspace       used 39919K, committed 40448K, reserved 1114112K
  class space    used 5080K, committed 5312K, reserved 1048576K
}

Dll operation events (11 events):
Event: 0.015 Loaded shared library C:\Users\martel\.p2\pool\plugins\org.eclipse.justj.openjdk.hotspot.jre.full.win32.x86_64_22.0.1.v20240426-1149\jre\bin\java.dll
Event: 0.019 Loaded shared library C:\Users\martel\.p2\pool\plugins\org.eclipse.justj.openjdk.hotspot.jre.full.win32.x86_64_22.0.1.v20240426-1149\jre\bin\zip.dll
Event: 0.320 Loaded shared library C:\Users\martel\.p2\pool\plugins\org.eclipse.justj.openjdk.hotspot.jre.full.win32.x86_64_22.0.1.v20240426-1149\jre\bin\instrument.dll
Event: 0.332 Loaded shared library C:\Users\martel\.p2\pool\plugins\org.eclipse.justj.openjdk.hotspot.jre.full.win32.x86_64_22.0.1.v20240426-1149\jre\bin\net.dll
Event: 0.333 Loaded shared library C:\Users\martel\.p2\pool\plugins\org.eclipse.justj.openjdk.hotspot.jre.full.win32.x86_64_22.0.1.v20240426-1149\jre\bin\nio.dll
Event: 0.341 Loaded shared library C:\Users\martel\.p2\pool\plugins\org.eclipse.justj.openjdk.hotspot.jre.full.win32.x86_64_22.0.1.v20240426-1149\jre\bin\zip.dll
Event: 0.491 Loaded shared library C:\Users\martel\.p2\pool\plugins\org.eclipse.justj.openjdk.hotspot.jre.full.win32.x86_64_22.0.1.v20240426-1149\jre\bin\jimage.dll
Event: 0.543 Loaded shared library C:\Users\martel\.p2\pool\plugins\org.eclipse.justj.openjdk.hotspot.jre.full.win32.x86_64_22.0.1.v20240426-1149\jre\bin\management.dll
Event: 0.556 Loaded shared library C:\Users\martel\.p2\pool\plugins\org.eclipse.justj.openjdk.hotspot.jre.full.win32.x86_64_22.0.1.v20240426-1149\jre\bin\management_ext.dll
Event: 0.750 Loaded shared library C:\Users\martel\.p2\pool\plugins\org.eclipse.justj.openjdk.hotspot.jre.full.win32.x86_64_22.0.1.v20240426-1149\jre\bin\extnet.dll
Event: 0.769 Loaded shared library C:\Users\martel\.p2\pool\plugins\org.eclipse.justj.openjdk.hotspot.jre.full.win32.x86_64_22.0.1.v20240426-1149\jre\bin\verify.dll

Deoptimization events (20 events):
Event: 2.959 Thread 0x000001e312dfef70 DEOPT PACKING pc=0x000001e30424ccb4 sp=0x000000497c8fc230
Event: 2.959 Thread 0x000001e312dfef70 DEOPT UNPACKING pc=0x000001e303a84e42 sp=0x000000497c8fb750 mode 1
Event: 2.960 Thread 0x000001e312dfef70 DEOPT PACKING pc=0x000001e303f79b49 sp=0x000000497c8fb750
Event: 2.960 Thread 0x000001e312dfef70 DEOPT UNPACKING pc=0x000001e303a84e42 sp=0x000000497c8faba8 mode 1
Event: 2.960 Thread 0x000001e312dfef70 DEOPT PACKING pc=0x000001e303f6110c sp=0x000000497c8fb7e0
Event: 2.960 Thread 0x000001e312dfef70 DEOPT UNPACKING pc=0x000001e303a84e42 sp=0x000000497c8fac88 mode 1
Event: 2.960 Thread 0x000001e312dfef70 DEOPT PACKING pc=0x000001e30400d374 sp=0x000000497c8fc1a0
Event: 2.960 Thread 0x000001e312dfef70 DEOPT UNPACKING pc=0x000001e303a84e42 sp=0x000000497c8fb668 mode 1
Event: 2.960 Thread 0x000001e312dfef70 DEOPT PACKING pc=0x000001e30424ccb4 sp=0x000000497c8fc230
Event: 2.960 Thread 0x000001e312dfef70 DEOPT UNPACKING pc=0x000001e303a84e42 sp=0x000000497c8fb750 mode 1
Event: 2.965 Thread 0x000001e312dfef70 DEOPT PACKING pc=0x000001e30424a9b4 sp=0x000000497c8fc860
Event: 2.965 Thread 0x000001e312dfef70 DEOPT UNPACKING pc=0x000001e303a84e42 sp=0x000000497c8fbdd8 mode 1
Event: 2.965 Thread 0x000001e312dfef70 DEOPT PACKING pc=0x000001e30424a9b4 sp=0x000000497c8fc860
Event: 2.965 Thread 0x000001e312dfef70 DEOPT UNPACKING pc=0x000001e303a84e42 sp=0x000000497c8fbdd8 mode 1
Event: 2.965 Thread 0x000001e312dfef70 DEOPT PACKING pc=0x000001e30424a9b4 sp=0x000000497c8fd280
Event: 2.965 Thread 0x000001e312dfef70 DEOPT UNPACKING pc=0x000001e303a84e42 sp=0x000000497c8fc7f8 mode 1
Event: 2.965 Thread 0x000001e312dfef70 DEOPT PACKING pc=0x000001e30424a9b4 sp=0x000000497c8fd280
Event: 2.965 Thread 0x000001e312dfef70 DEOPT UNPACKING pc=0x000001e303a84e42 sp=0x000000497c8fc7f8 mode 1
Event: 11.647 Thread 0x000001e312dfef70 DEOPT PACKING pc=0x000001e303fdae04 sp=0x000000497c8fdb00
Event: 11.647 Thread 0x000001e312dfef70 DEOPT UNPACKING pc=0x000001e303a84e42 sp=0x000000497c8fcfb8 mode 0

Classes loaded (20 events):
Event: 2.900 Loading class java/util/concurrent/atomic/AtomicReferenceFieldUpdater$AtomicReferenceFieldUpdaterImpl$1
Event: 2.900 Loading class java/util/concurrent/atomic/AtomicReferenceFieldUpdater$AtomicReferenceFieldUpdaterImpl$1 done
Event: 2.902 Loading class java/util/concurrent/Executors$DelegatedScheduledExecutorService
Event: 2.902 Loading class java/util/concurrent/Executors$DelegatedExecutorService
Event: 2.902 Loading class java/util/concurrent/Executors$DelegatedExecutorService done
Event: 2.902 Loading class java/util/concurrent/Executors$DelegatedScheduledExecutorService done
Event: 2.902 Loading class java/time/Clock$FixedClock
Event: 2.902 Loading class java/time/Clock$FixedClock done
Event: 2.902 Loading class java/util/concurrent/atomic/AtomicIntegerFieldUpdater
Event: 2.902 Loading class java/util/concurrent/atomic/AtomicIntegerFieldUpdater done
Event: 2.902 Loading class java/util/concurrent/atomic/AtomicIntegerFieldUpdater$AtomicIntegerFieldUpdaterImpl
Event: 2.902 Loading class java/util/concurrent/atomic/AtomicIntegerFieldUpdater$AtomicIntegerFieldUpdaterImpl done
Event: 2.902 Loading class java/util/concurrent/atomic/AtomicIntegerFieldUpdater$AtomicIntegerFieldUpdaterImpl$1
Event: 2.902 Loading class java/util/concurrent/atomic/AtomicIntegerFieldUpdater$AtomicIntegerFieldUpdaterImpl$1 done
Event: 2.914 Loading class java/util/concurrent/CompletionStage
Event: 2.914 Loading class java/util/concurrent/CompletionStage done
Event: 2.925 Loading class java/time/Clock$TickClock
Event: 2.925 Loading class java/time/Clock$TickClock done
Event: 2.944 Loading class java/util/concurrent/CancellationException
Event: 2.944 Loading class java/util/concurrent/CancellationException done

Classes unloaded (0 events):
No events

Classes redefined (1 events):
Event: 11.657 Thread 0x000001e30db69470 redefined class name=com.medilabo.gatewayapi.config.JwtValidationFilter, count=1

Internal exceptions (20 events):
Event: 2.638 Thread 0x000001e312dfef70 Exception <a 'java/lang/NoSuchMethodError'{0x000000070cd79e50}: 'int java.lang.invoke.DirectMethodHandle$Holder.invokeStaticInit(java.lang.Object, double, double)'> (0x000000070cd79e50) 
thrown [s\src\hotspot\share\interpreter\linkResolver.cpp, line 774]
Event: 2.638 Thread 0x000001e312dfef70 Exception <a 'java/lang/NoSuchMethodError'{0x000000070cd7e2c8}: 'int java.lang.invoke.DirectMethodHandle$Holder.invokeStatic(java.lang.Object, long)'> (0x000000070cd7e2c8) 
thrown [s\src\hotspot\share\interpreter\linkResolver.cpp, line 774]
Event: 2.640 Thread 0x000001e312dfef70 Exception <a 'java/lang/NoSuchMethodError'{0x000000070cd9caf0}: 'int java.lang.invoke.Invokers$Holder.linkToTargetMethod(java.lang.Object, java.lang.Object)'> (0x000000070cd9caf0) 
thrown [s\src\hotspot\share\interpreter\linkResolver.cpp, line 774]
Event: 2.642 Thread 0x000001e312dfef70 Exception <a 'java/lang/NoSuchMethodError'{0x000000070cdd4290}: 'java.lang.Object java.lang.invoke.DirectMethodHandle$Holder.invokeSpecial(java.lang.Object, java.lang.Object, int, java.lang.Object, java.lang.Object)'> (0x000000070cdd4290) 
thrown [s\src\hotspot\share\interpreter\linkResolver.cpp, line 774]
Event: 2.642 Thread 0x000001e312dfef70 Exception <a 'java/lang/NoSuchMethodError'{0x000000070cdd7cd0}: 'java.lang.Object java.lang.invoke.DelegatingMethodHandle$Holder.delegate(java.lang.Object, int, java.lang.Object, java.lang.Object)'> (0x000000070cdd7cd0) 
thrown [s\src\hotspot\share\interpreter\linkResolver.cpp, line 774]
Event: 2.643 Thread 0x000001e312dfef70 Exception <a 'java/lang/NoSuchMethodError'{0x000000070cde8128}: 'int java.lang.invoke.Invokers$Holder.linkToTargetMethod(java.lang.Object, java.lang.Object, java.lang.Object)'> (0x000000070cde8128) 
thrown [s\src\hotspot\share\interpreter\linkResolver.cpp, line 774]
Event: 2.652 Thread 0x000001e312dfef70 Exception <a 'java/lang/NoSuchMethodError'{0x000000070cb0acb0}: 'void java.lang.invoke.DirectMethodHandle$Holder.invokeStatic(java.lang.Object, java.lang.Object, int, int)'> (0x000000070cb0acb0) 
thrown [s\src\hotspot\share\interpreter\linkResolver.cpp, line 774]
Event: 2.690 Thread 0x000001e312dfef70 Exception <a 'java/lang/NoClassDefFoundError'{0x000000070c620048}: org/flywaydb/core/Flyway> (0x000000070c620048) 
thrown [s\src\hotspot\share\classfile\systemDictionary.cpp, line 302]
Event: 2.690 Thread 0x000001e312dfef70 Exception <a 'java/lang/NoClassDefFoundError'{0x000000070c622b68}: liquibase/integration/spring/SpringLiquibase> (0x000000070c622b68) 
thrown [s\src\hotspot\share\classfile\systemDictionary.cpp, line 302]
Event: 2.734 Thread 0x000001e312dfef70 Exception <a 'java/lang/IncompatibleClassChangeError'{0x000000070c29ab38}: Found class java.lang.Object, but interface was expected> (0x000000070c29ab38) 
thrown [s\src\hotspot\share\interpreter\linkResolver.cpp, line 841]
Event: 2.753 Thread 0x000001e312dfef70 Exception <a 'java/lang/NoSuchMethodError'{0x000000070c1154b0}: 'void java.lang.invoke.DirectMethodHandle$Holder.invokeVirtual(java.lang.Object, java.lang.Object, int)'> (0x000000070c1154b0) 
thrown [s\src\hotspot\share\interpreter\linkResolver.cpp, line 774]
Event: 2.754 Thread 0x000001e312dfef70 Exception <a 'java/lang/NoSuchMethodError'{0x000000070c1194f8}: 'int java.lang.invoke.DirectMethodHandle$Holder.invokeSpecial(java.lang.Object, java.lang.Object, java.lang.Object, int)'> (0x000000070c1194f8) 
thrown [s\src\hotspot\share\interpreter\linkResolver.cpp, line 774]
Event: 2.754 Thread 0x000001e312dfef70 Exception <a 'java/lang/NoSuchMethodError'{0x000000070c12d6e0}: 'java.lang.Object java.lang.invoke.DirectMethodHandle$Holder.invokeStatic(java.lang.Object, java.lang.Object, java.lang.Object, java.lang.Object, int)'> (0x000000070c12d6e0) 
thrown [s\src\hotspot\share\interpreter\linkResolver.cpp, line 774]
Event: 2.755 Thread 0x000001e312dfef70 Exception <a 'java/lang/NoSuchMethodError'{0x000000070c134b70}: 'void java.lang.invoke.DelegatingMethodHandle$Holder.reinvoke_L(java.lang.Object, java.lang.Object, int)'> (0x000000070c134b70) 
thrown [s\src\hotspot\share\interpreter\linkResolver.cpp, line 774]
Event: 2.788 Thread 0x000001e312dfef70 Exception <a 'java/lang/NoSuchMethodError'{0x0000000711a71e60}: 'java.lang.Object java.lang.invoke.DirectMethodHandle$Holder.invokeVirtual(java.lang.Object, java.lang.Object, java.lang.Object, java.lang.Object, java.lang.Object)'> (0x0000000711a71e60) 
thrown [s\src\hotspot\share\interpreter\linkResolver.cpp, line 774]
Event: 2.824 Thread 0x000001e312dfef70 Exception <a 'java/lang/NoSuchMethodError'{0x0000000711777d58}: 'void java.lang.invoke.DirectMethodHandle$Holder.invokeInterface(java.lang.Object, java.lang.Object, int)'> (0x0000000711777d58) 
thrown [s\src\hotspot\share\interpreter\linkResolver.cpp, line 774]
Event: 2.825 Thread 0x000001e312dfef70 Exception <a 'java/lang/IncompatibleClassChangeError'{0x00000007117959a8}: Found class java.lang.Object, but interface was expected> (0x00000007117959a8) 
thrown [s\src\hotspot\share\interpreter\linkResolver.cpp, line 841]
Event: 2.876 Thread 0x000001e312dfef70 Exception <a 'java/lang/NoSuchMethodError'{0x000000070e4e2248}: 'void java.lang.invoke.DirectMethodHandle$Holder.invokeStaticInit(java.lang.Object, java.lang.Object, java.lang.Object, java.lang.Object)'> (0x000000070e4e2248) 
thrown [s\src\hotspot\share\interpreter\linkResolver.cpp, line 774]
Event: 2.932 Thread 0x000001e312dfef70 Exception <a 'java/lang/NoSuchMethodError'{0x000000070d69c7f8}: 'java.lang.Object java.lang.invoke.DirectMethodHandle$Holder.invokeVirtual(java.lang.Object, java.lang.Object, int)'> (0x000000070d69c7f8) 
thrown [s\src\hotspot\share\interpreter\linkResolver.cpp, line 774]
Event: 2.957 Thread 0x000001e312dfef70 Exception <a 'java/lang/NoSuchMethodError'{0x000000070d223400}: 'void java.lang.invoke.Invokers$Holder.invokeExact_MT(java.lang.Object, java.lang.Object, java.lang.Object, java.lang.Object)'> (0x000000070d223400) 
thrown [s\src\hotspot\share\interpreter\linkResolver.cpp, line 774]

ZGC Phase Switch (0 events):
No events

VM Operations (20 events):
Event: 3.029 Executing VM operation: get/set locals
Event: 3.029 Executing VM operation: get/set locals done
Event: 3.030 Executing VM operation: get/set locals
Event: 3.030 Executing VM operation: get/set locals done
Event: 3.031 Executing VM operation: get/set locals
Event: 3.031 Executing VM operation: get/set locals done
Event: 3.031 Executing VM operation: get/set locals
Event: 3.031 Executing VM operation: get/set locals done
Event: 3.033 Executing VM operation: get/set locals
Event: 3.033 Executing VM operation: get/set locals done
Event: 4.035 Executing VM operation: Cleanup
Event: 4.035 Executing VM operation: Cleanup done
Event: 11.647 Executing VM operation: ChangeSingleStep
Event: 11.647 Executing VM operation: ChangeSingleStep done
Event: 11.647 Executing VM operation: ChangeSingleStep
Event: 11.647 Executing VM operation: ChangeSingleStep done
Event: 11.654 Executing VM operation: RedefineClasses
Event: 11.661 Executing VM operation: RedefineClasses done
Event: 11.714 Executing VM operation: ChangeSingleStep
Event: 11.714 Executing VM operation: ChangeSingleStep done

Events (20 events):
Event: 2.139 Thread 0x000001e30db69470 flushing nmethod 0x000001e303dd6b10
Event: 2.139 Thread 0x000001e30db69470 flushing nmethod 0x000001e303d5c590
Event: 2.139 Thread 0x000001e30db69470 flushing nmethod 0x000001e303d5d190
Event: 2.139 Thread 0x000001e30db69470 flushing nmethod 0x000001e303e1fd10
Event: 2.139 Thread 0x000001e30db69470 flushing nmethod 0x000001e303d42b90
Event: 2.139 Thread 0x000001e30db69470 flushing nmethod 0x000001e303d77390
Event: 2.139 Thread 0x000001e30db69470 flushing nmethod 0x000001e303dd7190
Event: 2.139 Thread 0x000001e30db69470 flushing nmethod 0x000001e303dd9590
Event: 2.139 Thread 0x000001e30db69470 flushing nmethod 0x000001e303fef810
Event: 2.139 Thread 0x000001e30db69470 flushing nmethod 0x000001e303d77810
Event: 2.139 Thread 0x000001e30db69470 flushing nmethod 0x000001e303d7ce10
Event: 2.139 Thread 0x000001e30db69470 flushing nmethod 0x000001e303e59c90
Event: 2.139 Thread 0x000001e30db69470 flushing nmethod 0x000001e303e5c090
Event: 2.139 Thread 0x000001e30db69470 flushing nmethod 0x000001e303e7ca90
Event: 2.139 Thread 0x000001e30db69470 flushing nmethod 0x000001e303e7f390
Event: 2.139 Thread 0x000001e30db69470 flushing nmethod 0x000001e303e93b90
Event: 2.926 Thread 0x000001e312dfe8e0 Thread added: 0x000001e312dfe8e0
Event: 3.653 Thread 0x000001e30dd611b0 Thread exited: 0x000001e30dd611b0
Event: 3.654 Thread 0x000001e30dd60af0 Thread exited: 0x000001e30dd60af0
Event: 4.659 Thread 0x000001e30dd60430 Thread exited: 0x000001e30dd60430


Dynamic libraries:
0x00007ff7c9bd0000 - 0x00007ff7c9bde000 	C:\Users\martel\.p2\pool\plugins\org.eclipse.justj.openjdk.hotspot.jre.full.win32.x86_64_22.0.1.v20240426-1149\jre\bin\javaw.exe
0x00007ff906860000 - 0x00007ff906ac5000 	C:\WINDOWS\SYSTEM32\ntdll.dll
0x00007ff8e7410000 - 0x00007ff8e742b000 	C:\Program Files\Avast Software\Avast\aswhook.dll
0x00007ff905610000 - 0x00007ff9056d9000 	C:\WINDOWS\System32\KERNEL32.DLL
0x00007ff903f80000 - 0x00007ff904368000 	C:\WINDOWS\System32\KERNELBASE.dll
0x00007ff903ce0000 - 0x00007ff903e2b000 	C:\WINDOWS\System32\ucrtbase.dll
0x00007ff9003a0000 - 0x00007ff9003b7000 	C:\Users\martel\.p2\pool\plugins\org.eclipse.justj.openjdk.hotspot.jre.full.win32.x86_64_22.0.1.v20240426-1149\jre\bin\jli.dll
0x00007ff9057d0000 - 0x00007ff90599a000 	C:\WINDOWS\System32\USER32.dll
0x00007ff903cb0000 - 0x00007ff903cd7000 	C:\WINDOWS\System32\win32u.dll
0x00007ff8e3080000 - 0x00007ff8e309b000 	C:\Users\martel\.p2\pool\plugins\org.eclipse.justj.openjdk.hotspot.jre.full.win32.x86_64_22.0.1.v20240426-1149\jre\bin\VCRUNTIME140.dll
0x00007ff8e7e00000 - 0x00007ff8e809a000 	C:\WINDOWS\WinSxS\amd64_microsoft.windows.common-controls_6595b64144ccf1df_6.0.26100.4202_none_3e0698d4e335f517\COMCTL32.dll
0x00007ff9067f0000 - 0x00007ff90681b000 	C:\WINDOWS\System32\GDI32.dll
0x00007ff905720000 - 0x00007ff9057c9000 	C:\WINDOWS\System32\msvcrt.dll
0x00007ff904370000 - 0x00007ff9044a7000 	C:\WINDOWS\System32\gdi32full.dll
0x00007ff903e30000 - 0x00007ff903ed3000 	C:\WINDOWS\System32\msvcp_win.dll
0x00007ff9056e0000 - 0x00007ff905710000 	C:\WINDOWS\System32\IMM32.DLL
0x00007ff8efdf0000 - 0x00007ff8efdfc000 	C:\Users\martel\.p2\pool\plugins\org.eclipse.justj.openjdk.hotspot.jre.full.win32.x86_64_22.0.1.v20240426-1149\jre\bin\vcruntime140_1.dll
0x00007ff845d00000 - 0x00007ff845d8e000 	C:\Users\martel\.p2\pool\plugins\org.eclipse.justj.openjdk.hotspot.jre.full.win32.x86_64_22.0.1.v20240426-1149\jre\bin\msvcp140.dll
0x00007ff859990000 - 0x00007ff85a752000 	C:\Users\martel\.p2\pool\plugins\org.eclipse.justj.openjdk.hotspot.jre.full.win32.x86_64_22.0.1.v20240426-1149\jre\bin\server\jvm.dll
0x00007ff9062a0000 - 0x00007ff906353000 	C:\WINDOWS\System32\ADVAPI32.dll
0x00007ff9047c0000 - 0x00007ff904866000 	C:\WINDOWS\System32\sechost.dll
0x00007ff904d30000 - 0x00007ff904e45000 	C:\WINDOWS\System32\RPCRT4.dll
0x00007ff905b80000 - 0x00007ff905bf4000 	C:\WINDOWS\System32\WS2_32.dll
0x00007ff903800000 - 0x00007ff90385e000 	C:\WINDOWS\SYSTEM32\POWRPROF.dll
0x00007ff8fa250000 - 0x00007ff8fa285000 	C:\WINDOWS\SYSTEM32\WINMM.dll
0x00007ff8f08e0000 - 0x00007ff8f08eb000 	C:\WINDOWS\SYSTEM32\VERSION.dll
0x00007ff9037e0000 - 0x00007ff9037f4000 	C:\WINDOWS\SYSTEM32\UMPDC.dll
0x00007ff902700000 - 0x00007ff90271b000 	C:\WINDOWS\SYSTEM32\kernel.appcore.dll
0x00007ff900430000 - 0x00007ff90043a000 	C:\Users\martel\.p2\pool\plugins\org.eclipse.justj.openjdk.hotspot.jre.full.win32.x86_64_22.0.1.v20240426-1149\jre\bin\jimage.dll
0x00007ff901030000 - 0x00007ff901271000 	C:\WINDOWS\SYSTEM32\DBGHELP.DLL
0x00007ff906460000 - 0x00007ff9067e5000 	C:\WINDOWS\System32\combase.dll
0x00007ff904bd0000 - 0x00007ff904cb1000 	C:\WINDOWS\System32\OLEAUT32.dll
0x00007ff8ef270000 - 0x00007ff8ef2a9000 	C:\WINDOWS\SYSTEM32\dbgcore.DLL
0x00007ff903ee0000 - 0x00007ff903f79000 	C:\WINDOWS\System32\bcryptPrimitives.dll
0x00007ff8ef300000 - 0x00007ff8ef33c000 	C:\Users\martel\.p2\pool\plugins\org.eclipse.justj.openjdk.hotspot.jre.full.win32.x86_64_22.0.1.v20240426-1149\jre\bin\jdwp.dll
0x00007ff9003c0000 - 0x00007ff9003cf000 	C:\Users\martel\.p2\pool\plugins\org.eclipse.justj.openjdk.hotspot.jre.full.win32.x86_64_22.0.1.v20240426-1149\jre\bin\instrument.dll
0x00007ff8fc0e0000 - 0x00007ff8fc0fe000 	C:\Users\martel\.p2\pool\plugins\org.eclipse.justj.openjdk.hotspot.jre.full.win32.x86_64_22.0.1.v20240426-1149\jre\bin\java.dll
0x00007ff904e50000 - 0x00007ff905592000 	C:\WINDOWS\System32\SHELL32.dll
0x00007ff9039b0000 - 0x00007ff903b24000 	C:\WINDOWS\System32\wintypes.dll
0x00007ff904a00000 - 0x00007ff904b9e000 	C:\WINDOWS\System32\ole32.dll
0x00007ff8fa080000 - 0x00007ff8fa097000 	C:\Users\martel\.p2\pool\plugins\org.eclipse.justj.openjdk.hotspot.jre.full.win32.x86_64_22.0.1.v20240426-1149\jre\bin\zip.dll
0x00007ff9015a0000 - 0x00007ff901df8000 	C:\WINDOWS\SYSTEM32\windows.storage.dll
0x00007ff905c80000 - 0x00007ff905d71000 	C:\WINDOWS\System32\SHCORE.dll
0x00007ff904cc0000 - 0x00007ff904d2a000 	C:\WINDOWS\System32\shlwapi.dll
0x00007ff9038c0000 - 0x00007ff9038ef000 	C:\WINDOWS\SYSTEM32\profapi.dll
0x00007ff8fe4c0000 - 0x00007ff8fe4cc000 	C:\Users\martel\.p2\pool\plugins\org.eclipse.justj.openjdk.hotspot.jre.full.win32.x86_64_22.0.1.v20240426-1149\jre\bin\dt_socket.dll
0x00007ff902160000 - 0x00007ff902193000 	C:\WINDOWS\SYSTEM32\IPHLPAPI.DLL
0x00007ff902c50000 - 0x00007ff902cba000 	C:\WINDOWS\system32\mswsock.dll
0x00007ff902200000 - 0x00007ff902327000 	C:\WINDOWS\SYSTEM32\DNSAPI.dll
0x00007ff904bb0000 - 0x00007ff904bba000 	C:\WINDOWS\System32\NSI.dll
0x00007ff8fc070000 - 0x00007ff8fc07b000 	C:\Windows\System32\rasadhlp.dll
0x00007ff8fd1e0000 - 0x00007ff8fd266000 	C:\WINDOWS\System32\fwpuclnt.dll
0x00007ff8fc0a0000 - 0x00007ff8fc0b0000 	C:\Users\martel\.p2\pool\plugins\org.eclipse.justj.openjdk.hotspot.jre.full.win32.x86_64_22.0.1.v20240426-1149\jre\bin\net.dll
0x00007ff8fa060000 - 0x00007ff8fa076000 	C:\Users\martel\.p2\pool\plugins\org.eclipse.justj.openjdk.hotspot.jre.full.win32.x86_64_22.0.1.v20240426-1149\jre\bin\nio.dll
0x00007ff8f36b0000 - 0x00007ff8f36ba000 	C:\Users\martel\.p2\pool\plugins\org.eclipse.justj.openjdk.hotspot.jre.full.win32.x86_64_22.0.1.v20240426-1149\jre\bin\management.dll
0x00007ff8f0020000 - 0x00007ff8f002b000 	C:\Users\martel\.p2\pool\plugins\org.eclipse.justj.openjdk.hotspot.jre.full.win32.x86_64_22.0.1.v20240426-1149\jre\bin\management_ext.dll
0x00007ff906290000 - 0x00007ff906298000 	C:\WINDOWS\System32\PSAPI.DLL
0x00007ff8dd870000 - 0x00007ff8dd888000 	C:\WINDOWS\system32\napinsp.dll
0x00007ff8dd890000 - 0x00007ff8dd8a2000 	C:\WINDOWS\System32\winrnr.dll
0x00007ff8d71b0000 - 0x00007ff8d71e0000 	C:\WINDOWS\system32\nlansp_c.dll
0x00007ff8f2fb0000 - 0x00007ff8f2fd0000 	C:\WINDOWS\system32\wshbth.dll
0x00007ff903030000 - 0x00007ff90304b000 	C:\WINDOWS\SYSTEM32\CRYPTSP.dll
0x00007ff902660000 - 0x00007ff90269a000 	C:\WINDOWS\system32\rsaenh.dll
0x00007ff902cf0000 - 0x00007ff902d1b000 	C:\WINDOWS\SYSTEM32\USERENV.dll
0x00007ff903890000 - 0x00007ff9038b6000 	C:\WINDOWS\SYSTEM32\bcrypt.dll
0x00007ff902e90000 - 0x00007ff902e9c000 	C:\WINDOWS\SYSTEM32\CRYPTBASE.dll
0x00007ff8f0060000 - 0x00007ff8f0069000 	C:\Users\martel\.p2\pool\plugins\org.eclipse.justj.openjdk.hotspot.jre.full.win32.x86_64_22.0.1.v20240426-1149\jre\bin\extnet.dll
0x00007ff8fb970000 - 0x00007ff8fb980000 	C:\Users\martel\.p2\pool\plugins\org.eclipse.justj.openjdk.hotspot.jre.full.win32.x86_64_22.0.1.v20240426-1149\jre\bin\verify.dll

dbghelp: loaded successfully - version: 4.0.5 - missing functions: none
symbol engine: initialized successfully - sym options: 0x614 - pdb path: .;C:\Users\martel\.p2\pool\plugins\org.eclipse.justj.openjdk.hotspot.jre.full.win32.x86_64_22.0.1.v20240426-1149\jre\bin;C:\WINDOWS\SYSTEM32;C:\Program Files\Avast Software\Avast;C:\WINDOWS\WinSxS\amd64_microsoft.windows.common-controls_6595b64144ccf1df_6.0.26100.4202_none_3e0698d4e335f517;C:\Users\martel\.p2\pool\plugins\org.eclipse.justj.openjdk.hotspot.jre.full.win32.x86_64_22.0.1.v20240426-1149\jre\bin\server

VM Arguments:
jvm_args: -XX:+ShowCodeDetailsInExceptionMessages -agentlib:jdwp=transport=dt_socket,suspend=y,address=localhost:58890 -Dcom.sun.management.jmxremote -Dcom.sun.management.jmxremote.port=58889 -Dcom.sun.management.jmxremote.authenticate=false -Dcom.sun.management.jmxremote.ssl=false -Djava.rmi.server.hostname=localhost -Dspring.jmx.enabled=true -Dmanagement.endpoints.jmx.exposure.include=* -Dspring.application.admin.enabled=true -XX:TieredStopAtLevel=1 -Dspring.boot.project.name=gatewayapi -javaagent:C:\Users\martel\eclipse\java-2024-06\eclipse\configuration\org.eclipse.osgi\2231\0\.cp\lib\javaagent-shaded.jar -Dfile.encoding=UTF-8 -Dstdout.encoding=UTF-8 -Dstderr.encoding=UTF-8 
java_command: com.medilabo.gatewayapi.GatewayApiApplication --spring.profiles.active=dev --spring.output.ansi.enabled=always
java_class_path (initial): C:\Users\martel\Desktop\1-dev java\P9-App\Martel-Quentin-MediLabo\medilabo\services\gatewayapi\target\classes;C:\Users\martel\.m2\repository\org\springframework\cloud\spring-cloud-starter-gateway\4.2.1\spring-cloud-starter-gateway-4.2.1.jar;C:\Users\martel\.m2\repository\org\springframework\cloud\spring-cloud-starter\4.2.1\spring-cloud-starter-4.2.1.jar;C:\Users\martel\.m2\repository\org\springframework\cloud\spring-cloud-context\4.2.1\spring-cloud-context-4.2.1.jar;C:\Users\martel\.m2\repository\org\springframework\cloud\spring-cloud-commons\4.2.1\spring-cloud-commons-4.2.1.jar;C:\Users\martel\.m2\repository\org\bouncycastle\bcprov-jdk18on\1.78.1\bcprov-jdk18on-1.78.1.jar;C:\Users\martel\.m2\repository\org\springframework\cloud\spring-cloud-gateway-server\4.2.1\spring-cloud-gateway-server-4.2.1.jar;C:\Users\martel\.m2\repository\org\springframework\boot\spring-boot-starter-validation\3.4.5\spring-boot-starter-validation-3.4.5.jar;C:\Users\martel\.m2\repository\org\apache\tomcat\embed\tomcat-embed-el\10.1.40\tomcat-embed-el-10.1.40.jar;C:\Users\martel\.m2\repository\org\hibernate\validator\hibernate-validator\8.0.2.Final\hibernate-validator-8.0.2.Final.jar;C:\Users\martel\.m2\repository\jakarta\validation\jakarta.validation-api\3.0.2\jakarta.validation-api-3.0.2.jar;C:\Users\martel\.m2\repository\org\jboss\logging\jboss-logging\3.6.1.Final\jboss-logging-3.6.1.Final.jar;C:\Users\martel\.m2\repository\com\fasterxml\classmate\1.7.0\classmate-1.7.0.jar;C:\Users\martel\.m2\repository\io\projectreactor\addons\reactor-extra\3.5.2\reactor-extra-3.5.2.jar;C:\Users\martel\.m2\repository\org\slf4j\slf4j-api\2.0.17\slf4j-api-2.0.17.jar;C:\Users\martel\.m2\repository\org\springframework\spring-core\6.2.6\spring-core-6.2.6.jar;C:\Users\martel\.m2\repository\org\springframework\spring-jcl\6.2.6\spring-jcl-6.2.6.jar;C:\Users\martel\.m2\repository\org\springframework\boot\spring-boot-starter\3.4.5\spring-boot-starter-3.4.5.jar;C:\Users\martel\.m2\repository\org\springframework\boot\spring-boot\3.4.5\spring-boot-3.4.5.jar;C:\Users\martel\.m2\repository\org\springframework\spring-context\6.2.6\spring-context-6.2.6.jar;C:\Users\martel\.m2\repository\org\springframework\boot\spring-boot-autoconfigure\3.4.5\spring-boot-autoconfigure-3.4.5.jar;C:\Users\martel\.m2\repository\org\springframework\boot\spring-boot-starter-logging\3.4.5\spring-boot-starter-logging-3.4.5.jar;C:\Users\martel\.m2\repository\ch\qos\logback\logback-classic\1.5.18\logback-classic-1.5.18.jar;C:\Users\martel\.m2\repository\ch\qos\logback\logback-core\1.5.18\logback-core-1.5.18.jar;C:\Users\martel\.m2\repository\org\apache\logging\log4j\log4j-to-slf4j\2.24.3\log4j-to-slf4j-2.24.3.jar;C:\Users\martel\.m2\repository\org\apache\logging\log4j\log4j-api\2.24.3\log4j-api-2.24.3.jar;C:\Users\martel\.m2\repository\org\slf4j\jul-to-slf4j\2.0.17\jul-to-slf4j-2.0.17.jar;C:\Users\martel\.m2\repository\jakarta\annotation\jakarta.annotation-api\2.1.1\jakarta.annotation-api-2.1.1.jar;C:\Users\martel\.m2\repository\org\yaml\snakeyaml\2.3\snakeyaml-2.3.jar;C:\Users\martel\.m2\repository\org\springframework\boot\spring-boot-devtools\3.4.5\spring-boot-devtools-3.4.5.jar;C:\Users\martel\.m2\repository\org\projectlombok\lombok\1.18.38\lombok-1.18.38.jar;C:\Users\martel\.m2\repository\org\springframework\cloud\spring-cloud-starter-netflix-eureka-client\4.2.1\spring-cloud-starter-netflix-eureka-client-4.2.1.jar;C:\Users\martel\.m2\repository\org\springframework\cloud\spring-cloud-netflix-eureka-client\4.2.1\spring-cloud-netflix-eureka-client-4.2.1.jar;C:\Users\martel\.m2\repository\org\apache\httpcomponents\client5\httpclient5\5.4.3\httpclient5-5.4.3.jar;C:\Users\martel\.m2\repository\org\apache\httpcomponents\core5\httpcore5\5.3.4\httpcore5-5.3.4.jar;C:\Users\martel\.m2\repository\org\apache\httpcomponents\core5\httpcore5-h2\5.3.4\httpcore5-h2-5.3.4.jar;C:\Users\martel\.m2\repository\com\netflix\eureka\eureka-client\2.0.4\eureka-client-2.0.4.jar;C:\Users\martel\.m2\repository\com\thoughtworks\xstream\xstream\1.4.20\xstream-1.4.20.jar;C:\Users\martel\.m2\repository\io\github\x-stream\mxparser\1.2.2\mxparser-1.2.2.jar;C:\Users\martel\.m2\repository\xmlpull\xmlpull\1.1.3.1\xmlpull-1.1.3.1.jar;C:\Users\martel\.m2\repository\jakarta\ws\rs\jakarta.ws.rs-api\3.1.0\jakarta.ws.rs-api-3.1.0.jar;C:\Users\martel\.m2\repository\jakarta\inject\jakarta.inject-api\2.0.1\jakarta.inject-api-2.0.1.jar;C:\Users\martel\.m2\repository\com\netflix\spectator\spectator-api\1.7.3\spectator-api-1.7.3.jar;C:\Users\martel\.m2\repository\org\apache\httpcomponents\httpclient\4.5.3\httpclient-4.5.3.jar;C:\Users\martel\.m2\repository\org\apache\httpcomponents\httpcore\4.4.16\httpcore-4.4.16.jar;C:\Users\martel\.m2\repository\commons-codec\commons-codec\1.17.2\commons-codec-1.17.2.jar;C:\Users\martel\.m2\repository\commons-configuration\commons-configuration\1.10\commons-configuration-1.10.jar;C:\Users\martel\.m2\repository\commons-lang\commons-lang\2.6\commons-lang-2.6.jar;C:\Users\martel\.m2\repository\com\fasterxml\jackson\core\jackson-annotations\2.18.3\jackson-annotations-2.18.3.jar;C:\Users\martel\.m2\repository\com\fasterxml\jackson\core\jackson-core\2.18.3\jackson-core-2.18.3.jar;C:\Users\martel\.m2\repository\com\netflix\netflix-commons\netflix-eventbus\0.3.0\netflix-eventbus-0.3.0.jar;C:\Users\martel\.m2\repository\com\netflix\netflix-commons\netflix-infix\0.3.0\netflix-infix-0.3.0.jar;C:\Users\martel\.m2\repository\commons-jxpath\commons-jxpath\1.3\commons-jxpath-1.3.jar;C:\Users\martel\.m2\repository\joda-time\joda-time\2.3\joda-time-2.3.jar;C:\Users\martel\.m2\repository\org\antlr\antlr-runtime\3.4\antlr-runtime-3.4.jar;C:\Users\martel\.m2\repository\org\antlr\stringtemplate\3.2.1\stringtemplate-3.2.1.jar;C:\Users\martel\.m2\repository\antlr\antlr\2.7.7\antlr-2.7.7.jar;C:\Users\martel\.m2\repository\com\google\guava\guava\14.0.1\guava-14.0.1.jar;C:\Users\martel\.m2\repository\com\google\code\gson\gson\2.11.0\gson-2.11.0.jar;C:\Users\martel\.m2\repository\com\google\errorprone\error_prone_annotations\2.27.0\error_prone_annotations-2.27.0.jar;C:\Users\martel\.m2\repository\com\netflix\servo\servo-core\0.5.3\servo-core-0.5.3.jar;C:\Users\martel\.m2\repository\org\apache\commons\commons-math\2.2\commons-math-2.2.jar;C:\Users\martel\.m2\repository\javax\annotation\javax.annotation-api\1.2\javax.annotation-api-1.2.jar;C:\Users\martel\.m2\repository\org\codehaus\jettison\jettison\1.5.4\jettison-1.5.4.jar;C:\Users\martel\.m2\repository\org\springframework\cloud\spring-cloud-starter-loadbalancer\4.2.1\spring-cloud-starter-loadbalancer-4.2.1.jar;C:\Users\martel\.m2\repository\org\springframework\cloud\spring-cloud-loadbalancer\4.2.1\spring-cloud-loadbalancer-4.2.1.jar;C:\Users\martel\.m2\repository\org\springframework\boot\spring-boot-starter-cache\3.4.5\spring-boot-starter-cache-3.4.5.jar;C:\Users\martel\.m2\repository\org\springframework\spring-context-support\6.2.6\spring-context-support-6.2.6.jar;C:\Users\martel\.m2\repository\com\stoyanr\evictor\1.0.0\evictor-1.0.0.jar;C:\Users\martel\.m2\repository\org\springframework\boot\spring-boot-starter-actuator\3.4.5\spring-boot-starter-actuator-3.4.5.jar;C:\Users\martel\.m2\repository\org\springframework\boot\spring-boot-actuator-autoconfigure\3.4.5\spring-boot-actuator-autoconfigure-3.4.5.jar;C:\Users\martel\.m2\repository\org\springframework\boot\spring-boot-actuator\3.4.5\spring-boot-actuator-3.4.5.jar;C:\Users\martel\.m2\repository\com\fasterxml\jackson\datatype\jackson-datatype-jsr310\2.18.3\jackson-datatype-jsr310-2.18.3.jar;C:\Users\martel\.m2\repository\io\micrometer\micrometer-observation\1.14.6\micrometer-observation-1.14.6.jar;C:\Users\martel\.m2\repository\io\micrometer\micrometer-commons\1.14.6\micrometer-commons-1.14.6.jar;C:\Users\martel\.m2\repository\io\micrometer\micrometer-jakarta9\1.14.6\micrometer-jakarta9-1.14.6.jar;C:\Users\martel\.m2\repository\io\micrometer\micrometer-core\1.14.6\micrometer-core-1.14.6.jar;C:\Users\martel\.m2\repository\org\hdrhistogram\HdrHistogram\2.2.2\HdrHistogram-2.2.2.jar;C:\Users\martel\.m2\repository\org\latencyutils\LatencyUtils\2.0.3\LatencyUtils-2.0.3.jar;C:\Users\martel\.m2\repository\org\springframework\cloud\spring-cloud-starter-config\4.2.1\spring-cloud-starter-config-4.2.1.jar;C:\Users\martel\.m2\repository\org\springframework\cloud\spring-cloud-config-client\4.2.1\spring-cloud-config-client-4.2.1.jar;C:\Users\martel\.m2\repository\com\fasterxml\jackson\core\jackson-databind\2.18.3\jackson-databind-2.18.3.jar;C:\Users\martel\.m2\repository\org\springframework\boot\spring-boot-starter-security\3.4.5\spring-boot-starter-security-3.4.5.jar;C:\Users\martel\.m2\repository\org\springframework\spring-aop\6.2.6\spring-aop-6.2.6.jar;C:\Users\martel\.m2\repository\org\springframework\spring-beans\6.2.6\spring-beans-6.2.6.jar;C:\Users\martel\.m2\repository\org\springframework\security\spring-security-config\6.4.5\spring-security-config-6.4.5.jar;C:\Users\martel\.m2\repository\org\springframework\security\spring-security-web\6.4.5\spring-security-web-6.4.5.jar;C:\Users\martel\.m2\repository\org\springframework\spring-expression\6.2.6\spring-expression-6.2.6.jar;C:\Users\martel\.m2\repository\org\springframework\boot\spring-boot-starter-webflux\3.4.5\spring-boot-starter-webflux-3.4.5.jar;C:\Users\martel\.m2\repository\org\springframework\boot\spring-boot-starter-json\3.4.5\spring-boot-starter-json-3.4.5.jar;C:\Users\martel\.m2\repository\com\fasterxml\jackson\datatype\jackson-datatype-jdk8\2.18.3\jackson-datatype-jdk8-2.18.3.jar;C:\Users\martel\.m2\repository\com\fasterxml\jackson\module\jackson-module-parameter-names\2.18.3\jackson-module-parameter-names-2.18.3.jar;C:\Users\martel\.m2\repository\org\springframework\boot\spring-boot-starter-reactor-netty\3.4.5\spring-boot-starter-reactor-netty-3.4.5.jar;C:\Users\martel\.m2\repository\io\projectreactor\netty\reactor-netty-http\1.2.5\reactor-netty-http-1.2.5.jar;C:\Users\martel\.m2\repository\io\netty\netty-codec-http\4.1.119.Final\netty-codec-http-4.1.119.Final.jar;C:\Users\martel\.m2\repository\io\netty\netty-common\4.1.119.Final\netty-common-4.1.119.Final.jar;C:\Users\martel\.m2\repository\io\netty\netty-buffer\4.1.119.Final\netty-buffer-4.1.119.Final.jar;C:\Users\martel\.m2\repository\io\netty\netty-transport\4.1.119.Final\netty-transport-4.1.119.Final.jar;C:\Users\martel\.m2\repository\io\netty\netty-codec\4.1.119.Final\netty-codec-4.1.119.Final.jar;C:\Users\martel\.m2\repository\io\netty\netty-handler\4.1.119.Final\netty-handler-4.1.119.Final.jar;C:\Users\martel\.m2\repository\io\netty\netty-codec-http2\4.1.119.Final\netty-codec-http2-4.1.119.Final.jar;C:\Users\martel\.m2\repository\io\netty\netty-resolver-dns\4.1.119.Final\netty-resolver-dns-4.1.119.Final.jar;C:\Users\martel\.m2\repository\io\netty\netty-resolver\4.1.119.Final\netty-resolver-4.1.119.Final.jar;C:\Users\martel\.m2\repository\io\netty\netty-codec-dns\4.1.119.Final\netty-codec-dns-4.1.119.Final.jar;C:\Users\martel\.m2\repository\io\netty\netty-resolver-dns-native-macos\4.1.119.Final\netty-resolver-dns-native-macos-4.1.119.Final-osx-x86_64.jar;C:\Users\martel\.m2\repository\io\netty\netty-resolver-dns-classes-macos\4.1.119.Final\netty-resolver-dns-classes-macos-4.1.119.Final.jar;C:\Users\martel\.m2\repository\io\netty\netty-transport-native-epoll\4.1.119.Final\netty-transport-native-epoll-4.1.119.Final-linux-x86_64.jar;C:\Users\martel\.m2\repository\io\netty\netty-transport-native-unix-common\4.1.119.Final\netty-transport-native-unix-common-4.1.119.Final.jar;C:\Users\martel\.m2\repository\io\netty\netty-transport-classes-epoll\4.1.119.Final\netty-transport-classes-epoll-4.1.119.Final.jar;C:\Users\martel\.m2\repository\io\projectreactor\netty\reactor-netty-core\1.2.5\reactor-netty-core-1.2.5.jar;C:\Users\martel\.m2\repository\io\netty\netty-handler-proxy\4.1.119.Final\netty-handler-proxy-4.1.119.Final.jar;C:\Users\martel\.m2\repository\io\netty\netty-codec-socks\4.1.119.Final\netty-codec-socks-4.1.119.Final.jar;C:\Users\martel\.m2\repository\org\springframework\spring-web\6.2.6\spring-web-6.2.6.jar;C:\Users\martel\.m2\repository\org\springframework\spring-webflux\6.2.6\spring-webflux-6.2.6.jar;C:\Users\martel\.m2\repository\io\projectreactor\reactor-core\3.7.5\reactor-core-3.7.5.jar;C:\Users\martel\.m2\repository\org\reactivestreams\reactive-streams\1.0.4\reactive-streams-1.0.4.jar;C:\Users\martel\.m2\repository\org\springframework\security\spring-security-core\6.4.5\spring-security-core-6.4.5.jar;C:\Users\martel\.m2\repository\org\springframework\security\spring-security-crypto\6.4.5\spring-security-crypto-6.4.5.jar
Launcher Type: SUN_STANDARD

[Global flags]
     intx CICompilerCount                          = 4                                         {product} {ergonomic}
     uint ConcGCThreads                            = 3                                         {product} {ergonomic}
     uint G1ConcRefinementThreads                  = 10                                        {product} {ergonomic}
   size_t G1HeapRegionSize                         = 2097152                                   {product} {ergonomic}
   size_t InitialHeapSize                          = 260046848                                 {product} {ergonomic}
     bool ManagementServer                         = true                                      {product} {command line}
   size_t MarkStackSize                            = 4194304                                   {product} {ergonomic}
   size_t MaxHeapSize                              = 4129292288                                {product} {ergonomic}
   size_t MaxNewSize                               = 2476736512                                {product} {ergonomic}
   size_t MinHeapDeltaBytes                        = 2097152                                   {product} {ergonomic}
   size_t MinHeapSize                              = 8388608                                   {product} {ergonomic}
    uintx NonNMethodCodeHeapSize                   = 4096                                   {pd product} {ergonomic}
    uintx NonProfiledCodeHeapSize                  = 0                                      {pd product} {ergonomic}
     bool ProfileInterpreter                       = false                                  {pd product} {command line}
    uintx ProfiledCodeHeapSize                     = 0                                      {pd product} {ergonomic}
     bool ShowCodeDetailsInExceptionMessages       = true                                   {manageable} {command line}
   size_t SoftMaxHeapSize                          = 4129292288                             {manageable} {ergonomic}
     intx TieredStopAtLevel                        = 1                                         {product} {command line}
     bool UseCompressedOops                        = true                           {product lp64_product} {ergonomic}
     bool UseG1GC                                  = true                                      {product} {ergonomic}
     bool UseLargePagesIndividualAllocation        = false                                  {pd product} {ergonomic}

Logging:
Log output configuration:
 #0: stdout all=warning uptime,level,tags foldmultilines=false
 #1: stderr all=off uptime,level,tags foldmultilines=false

Environment Variables:
PATH=C:\Users\martel\.p2\pool\plugins\org.eclipse.justj.openjdk.hotspot.jre.full.win32.x86_64_22.0.1.v20240426-1149\jre\bin;C:/Users/martel/.p2/pool/plugins/org.eclipse.justj.openjdk.hotspot.jre.full.win32.x86_64_22.0.1.v20240426-1149/jre/bin/server;C:/Users/martel/.p2/pool/plugins/org.eclipse.justj.openjdk.hotspot.jre.full.win32.x86_64_22.0.1.v20240426-1149/jre/bin;C:\WINDOWS\system32;C:\WINDOWS;C:\WINDOWS\System32\Wbem;C:\WINDOWS\System32\WindowsPowerShell\v1.0\;C:\WINDOWS\System32\OpenSSH\;C:\Program Files\Common Files\Oracle\Java\javapath;C:\Program Files\Docker\Docker\resources\bin;C:\Program Files\Java\jdk-17\bin;C:\MinGW\bin;C:\MinGW\mingw32\bin;C:\Program Files\dotnet\;C:\Program Files\Git\cmd;C:\xampp\mysql\bin;C:\Users\martel\AppData\Local\Microsoft\WindowsApps;C:\Users\martel\AppData\Local\GitHubDesktop\bin;C:\MinGW\bin;C:\MinGW\mingw32\bin;C:\Users\martel\AppData\Local\Programs\Microsoft VS Code\bin;C:\Users\martel\eclipse\java-2024-06\eclipse;
USERNAME=martel
OS=Windows_NT
PROCESSOR_IDENTIFIER=Intel64 Family 6 Model 186 Stepping 3, GenuineIntel
TMP=C:\Users\martel\AppData\Local\Temp
TEMP=C:\Users\martel\AppData\Local\Temp




Periodic native trim disabled

---------------  S Y S T E M  ---------------

OS:
 Windows 11 , 64 bit Build 26100 (10.0.26100.4202)
OS uptime: 0 days 19:22 hours
Hyper-V role detected

CPU: total 12 (initial active 12) (6 cores per cpu, 2 threads per core) family 6 model 186 stepping 3 microcode 0x4123, cx8, cmov, fxsr, ht, mmx, 3dnowpref, sse, sse2, sse3, ssse3, sse4.1, sse4.2, popcnt, lzcnt, tsc, tscinvbit, avx, avx2, aes, erms, clmul, bmi1, bmi2, adx, sha, fma, vzeroupper, clflush, clflushopt, clwb, hv, serialize, rdtscp, rdpid, fsrm, f16c, cet_ibt, cet_ss
Processor Information for all 12 processors :
  Max Mhz: 1600, Current Mhz: 1600, Mhz Limit: 1600

Memory: 4k page, system-wide physical 15747M (2749M free)
TotalPageFile size 27523M (AvailPageFile size 6669M)
current process WorkingSet (physical memory assigned to process): 210M, peak: 257M
current process commit charge ("private bytes"): 246M, peak: 362M

vm_info: OpenJDK 64-Bit Server VM (22.0.1+8) for windows-amd64 JRE (22.0.1+8), built on 2024-04-16T00:00:00Z by "admin" with MS VC++ 17.7 (VS2022)

END.
