2025-05-29T00:01:58.863+02:00  INFO 21996 --- [ui] [http-nio-5001-exec-3] c.m.ui.controller.PatientUiController    : UI GET /patients - retrieving list of patients
2025-05-29T00:02:07.111+02:00  INFO 21996 --- [ui] [http-nio-5001-exec-6] c.m.ui.controller.PatientUiController    : UI GET /patients/1 - retrieving patient detail
2025-05-29T00:02:09.006+02:00  INFO 21996 --- [ui] [http-nio-5001-exec-8] c.m.ui.controller.PatientUiController    : UI GET /patients - retrieving list of patients
2025-05-29T00:02:40.774+02:00  INFO 21996 --- [ui] [http-nio-5001-exec-10] c.m.ui.controller.PatientUiController    : UI GET /patients/add - showing patient creation form
2025-05-29T00:02:42.809+02:00  INFO 21996 --- [ui] [http-nio-5001-exec-2] c.m.ui.controller.PatientUiController    : UI GET /patients - retrieving list of patients
2025-05-29T00:04:14.163+02:00  INFO 21996 --- [ui] [http-nio-5001-exec-6] c.m.ui.controller.PatientUiController    : UI GET /patients/1 - retrieving patient detail
2025-05-29T00:04:16.553+02:00  INFO 21996 --- [ui] [http-nio-5001-exec-8] c.m.ui.controller.PatientUiController    : UI GET /patients/update/1 - showing update form
2025-05-29T00:04:30.648+02:00  INFO 21996 --- [ui] [http-nio-5001-exec-10] c.m.ui.controller.PatientUiController    : UI GET /patients - retrieving list of patients
2025-05-29T00:05:28.027+02:00  INFO 21996 --- [ui] [http-nio-5001-exec-2] c.m.ui.controller.PatientUiController    : UI GET /patients/add - showing patient creation form
2025-05-29T00:05:33.580+02:00  INFO 21996 --- [ui] [http-nio-5001-exec-4] c.m.ui.controller.PatientUiController    : UI GET /patients/1 - retrieving patient detail
2025-05-29T00:05:46.123+02:00  INFO 21996 --- [ui] [http-nio-5001-exec-3] c.m.ui.controller.PatientUiController    : UI GET /patients/update/1 - showing update form
2025-05-29T00:06:00.851+02:00  INFO 21996 --- [ui] [http-nio-5001-exec-5] c.m.ui.controller.PatientUiController    : UI GET /patients - retrieving list of patients
2025-05-29T00:06:12.813+02:00  INFO 21996 --- [ui] [http-nio-5001-exec-6] c.m.ui.controller.PatientUiController    : UI GET /patients/1 - retrieving patient detail
2025-05-29T00:06:15.625+02:00  INFO 21996 --- [ui] [http-nio-5001-exec-7] c.m.ui.controller.PatientUiController    : UI GET /patients/update/1 - showing update form
2025-05-29T00:06:17.408+02:00  INFO 21996 --- [ui] [http-nio-5001-exec-8] c.m.ui.controller.PatientUiController    : UI GET /patients - retrieving list of patients
2025-05-29T00:06:18.868+02:00  INFO 21996 --- [ui] [http-nio-5001-exec-9] c.m.ui.controller.PatientUiController    : UI GET /patients/add - showing patient creation form
2025-05-29T00:06:23.109+02:00  INFO 21996 --- [ui] [http-nio-5001-exec-10] c.m.ui.controller.PatientUiController    : UI GET /patients - retrieving list of patients
2025-05-29T00:07:08.878+02:00  INFO 21996 --- [ui] [http-nio-5001-exec-2] c.m.ui.controller.PatientUiController    : UI GET /patients/1 - retrieving patient detail
2025-05-29T00:10:15.750+02:00  INFO 21996 --- [ui] [http-nio-5001-exec-5] c.m.ui.controller.PatientUiController    : UI GET /patients - retrieving list of patients
2025-05-29T00:12:06.630+02:00  INFO 21996 --- [ui] [http-nio-5001-exec-8] c.m.ui.controller.PatientUiController    : UI GET /patients - retrieving list of patients
2025-05-29T00:12:37.108+02:00  INFO 21996 --- [ui] [http-nio-5001-exec-9] c.m.ui.controller.PatientUiController    : UI GET /patients - retrieving list of patients
2025-05-29T00:13:02.106+02:00  INFO 21996 --- [ui] [http-nio-5001-exec-10] c.m.ui.controller.PatientUiController    : UI GET /patients - retrieving list of patients
2025-05-29T00:13:12.586+02:00  INFO 21996 --- [ui] [http-nio-5001-exec-3] c.m.ui.controller.PatientUiController    : UI GET /patients/1 - retrieving patient detail
2025-05-29T00:14:14.673+02:00  INFO 21996 --- [ui] [http-nio-5001-exec-6] c.m.ui.controller.PatientUiController    : UI GET /patients - retrieving list of patients
2025-05-29T00:14:16.115+02:00  INFO 21996 --- [ui] [http-nio-5001-exec-7] c.m.ui.controller.PatientUiController    : UI GET /patients/1 - retrieving patient detail
2025-05-29T00:14:17.742+02:00  INFO 21996 --- [ui] [http-nio-5001-exec-8] c.m.ui.controller.PatientUiController    : UI GET /patients - retrieving list of patients
2025-05-29T00:14:18.660+02:00  INFO 21996 --- [ui] [http-nio-5001-exec-9] c.m.ui.controller.PatientUiController    : UI GET /patients/add - showing patient creation form
2025-05-29T00:14:20.325+02:00  INFO 21996 --- [ui] [http-nio-5001-exec-10] c.m.ui.controller.PatientUiController    : UI GET /patients - retrieving list of patients
2025-05-29T00:15:24.053+02:00  INFO 21996 --- [ui] [http-nio-5001-exec-3] c.m.ui.controller.PatientUiController    : UI GET /patients - retrieving list of patients
2025-05-29T00:15:25.215+02:00  INFO 21996 --- [ui] [http-nio-5001-exec-5] c.m.ui.controller.PatientUiController    : UI GET /patients/1 - retrieving patient detail
2025-05-29T00:15:26.282+02:00  INFO 21996 --- [ui] [http-nio-5001-exec-4] c.m.ui.controller.PatientUiController    : UI GET /patients - retrieving list of patients
2025-05-29T00:15:27.586+02:00  INFO 21996 --- [ui] [http-nio-5001-exec-6] c.m.ui.controller.PatientUiController    : UI GET /patients/add - showing patient creation form
2025-05-29T00:15:29.169+02:00  INFO 21996 --- [ui] [http-nio-5001-exec-7] c.m.ui.controller.PatientUiController    : UI GET /patients - retrieving list of patients
2025-05-29T00:15:32.187+02:00  INFO 21996 --- [ui] [http-nio-5001-exec-8] c.m.ui.controller.PatientUiController    : UI GET /patients/1 - retrieving patient detail
2025-05-29T00:15:33.010+02:00  INFO 21996 --- [ui] [http-nio-5001-exec-9] c.m.ui.controller.PatientUiController    : UI GET /patients/update/1 - showing update form
2025-05-29T00:15:34.436+02:00  INFO 21996 --- [ui] [http-nio-5001-exec-10] c.m.ui.controller.PatientUiController    : UI GET /patients - retrieving list of patients
2025-05-29T00:15:39.750+02:00  INFO 21996 --- [ui] [http-nio-5001-exec-1] c.m.ui.controller.PatientUiController    : UI GET /patients/1 - retrieving patient detail
2025-05-29T00:15:42.300+02:00  INFO 21996 --- [ui] [http-nio-5001-exec-2] c.m.ui.controller.PatientUiController    : UI GET /patients - retrieving list of patients
2025-05-29T00:17:31.209+02:00  INFO 21996 --- [ui] [http-nio-5001-exec-4] c.m.ui.controller.PatientUiController    : UI GET /patients - retrieving list of patients
2025-05-29T00:32:26.078+02:00  INFO 21996 --- [ui] [RMI TCP Connection(43)-127.0.0.1] inMXBeanRegistrar$SpringApplicationAdmin : Application shutdown requested.
2025-05-29T00:32:26.087+02:00  INFO 21996 --- [ui] [RMI TCP Connection(43)-127.0.0.1] o.s.b.w.e.tomcat.GracefulShutdown        : Commencing graceful shutdown. Waiting for active requests to complete
2025-05-29T00:32:26.131+02:00  INFO 21996 --- [ui] [tomcat-shutdown] o.s.b.w.e.tomcat.GracefulShutdown        : Graceful shutdown complete
